>>System Error :: Message => Undefined variable: dbConf | ErrorNo => 8 | ErrorFile => 45 | ErrorLine  => C:\xampp\htdocs\framework\vendor\src\ozsa-src\multidb\db.php |  [ Time : 18:17 | Date : 03.02.2015 ] 
>>System Error :: Message => Undefined variable: dbConf | ErrorNo => 8 | ErrorFile => 46 | ErrorLine  => C:\xampp\htdocs\framework\vendor\src\ozsa-src\multidb\db.php |  [ Time : 18:17 | Date : 03.02.2015 ] 
>>System Error :: Message => Non-static method Mail::send() should not be called statically | ErrorNo => 2048 | ErrorFile => 9 | ErrorLine  => C:\xampp\htdocs\framework\app\Views\index.php |  [ Time : 23:55 | Date : 03.02.2015 ] 
>>System Error :: Message => Non-static method Mail::send() should not be called statically | ErrorNo => 2048 | ErrorFile => 9 | ErrorLine  => C:\xampp\htdocs\framework\app\Views\index.php |  [ Time : 23:55 | Date : 03.02.2015 ] 
>>System Error :: Message => Non-static method Mail::send() should not be called statically | ErrorNo => 2048 | ErrorFile => 9 | ErrorLine  => C:\xampp\htdocs\framework\app\Views\index.php |  [ Time : 23:55 | Date : 03.02.2015 ] 
>>System Error :: Message => include(C:\xampp\htdocs\framework\vendor/src/ozsa-src/Mailer/Mail/Mail.php): failed to open stream: No such file or directory | ErrorNo => 2 | ErrorFile => 412 | ErrorLine  => C:\xampp\htdocs\framework\vendor\composer\ClassLoader.php |  [ Time : 23:55 | Date : 03.02.2015 ] 
>>System Error :: Message => include(): Failed opening 'C:\xampp\htdocs\framework\vendor/src/ozsa-src/Mailer/Mail/Mail.php' for inclusion (include_path='.;C:\xampp\php\PEAR') | ErrorNo => 2 | ErrorFile => 412 | ErrorLine  => C:\xampp\htdocs\framework\vendor\composer\ClassLoader.php |  [ Time : 23:55 | Date : 03.02.2015 ] 
>>System Error :: Message => include(C:\xampp\htdocs\framework\vendor/src/ozsa-src/Mailer/Mail/Mail.php): failed to open stream: No such file or directory | ErrorNo => 2 | ErrorFile => 412 | ErrorLine  => C:\xampp\htdocs\framework\vendor\composer\ClassLoader.php |  [ Time : 23:55 | Date : 03.02.2015 ] 
>>System Error :: Message => include(): Failed opening 'C:\xampp\htdocs\framework\vendor/src/ozsa-src/Mailer/Mail/Mail.php' for inclusion (include_path='.;C:\xampp\php\PEAR') | ErrorNo => 2 | ErrorFile => 412 | ErrorLine  => C:\xampp\htdocs\framework\vendor\composer\ClassLoader.php |  [ Time : 23:55 | Date : 03.02.2015 ] 
>>System Error :: Message => Undefined offset: 2 | ErrorNo => 8 | ErrorFile => 55 | ErrorLine  => C:\xampp\htdocs\framework\vendor\src\ozsa-src\Carbon\Carbon.php |  [ Time : 01:05 | Date : 04.02.2015 ] 
>>System Error :: Message => Undefined offset: 1 | ErrorNo => 8 | ErrorFile => 64 | ErrorLine  => C:\xampp\htdocs\framework\vendor\src\ozsa-src\Carbon\Carbon.php |  [ Time : 01:05 | Date : 04.02.2015 ] 
>>System Error :: Message => Undefined offset: 1 | ErrorNo => 8 | ErrorFile => 71 | ErrorLine  => C:\xampp\htdocs\framework\vendor\src\ozsa-src\Carbon\Carbon.php |  [ Time : 01:05 | Date : 04.02.2015 ] 
>>System Error :: Message => Undefined offset: 2 | ErrorNo => 8 | ErrorFile => 72 | ErrorLine  => C:\xampp\htdocs\framework\vendor\src\ozsa-src\Carbon\Carbon.php |  [ Time : 01:05 | Date : 04.02.2015 ] 
>>System Error :: Message => Undefined offset: 1 | ErrorNo => 8 | ErrorFile => 64 | ErrorLine  => C:\xampp\htdocs\framework\vendor\src\ozsa-src\Carbon\Carbon.php |  [ Time : 01:05 | Date : 04.02.2015 ] 
>>System Error :: Message => Undefined offset: 1 | ErrorNo => 8 | ErrorFile => 64 | ErrorLine  => C:\xampp\htdocs\framework\vendor\src\ozsa-src\Carbon\Carbon.php |  [ Time : 01:05 | Date : 04.02.2015 ] 
>>System Error :: Message => Undefined offset: 1 | ErrorNo => 8 | ErrorFile => 64 | ErrorLine  => C:\xampp\htdocs\framework\vendor\src\ozsa-src\Carbon\Carbon.php |  [ Time : 01:05 | Date : 04.02.2015 ] 
>>System Error :: Message => Undefined offset: 1 | ErrorNo => 8 | ErrorFile => 64 | ErrorLine  => C:\xampp\htdocs\framework\vendor\src\ozsa-src\Carbon\Carbon.php |  [ Time : 01:05 | Date : 04.02.2015 ] 
>>System Error :: Message => Undefined offset: 1 | ErrorNo => 8 | ErrorFile => 65 | ErrorLine  => C:\xampp\htdocs\framework\vendor\src\ozsa-src\Carbon\Carbon.php |  [ Time : 01:06 | Date : 04.02.2015 ] 
>>System Error :: Message => Undefined index: hour | ErrorNo => 8 | ErrorFile => 123 | ErrorLine  => C:\xampp\htdocs\framework\vendor\src\ozsa-src\Carbon\Carbon.php |  [ Time : 01:30 | Date : 04.02.2015 ] 
>>System Error :: Message => Undefined index: hour | ErrorNo => 8 | ErrorFile => 125 | ErrorLine  => C:\xampp\htdocs\framework\vendor\src\ozsa-src\Carbon\Carbon.php |  [ Time : 01:31 | Date : 04.02.2015 ] 
>>System Error :: Message => Undefined index: hour | ErrorNo => 8 | ErrorFile => 125 | ErrorLine  => C:\xampp\htdocs\framework\vendor\src\ozsa-src\Carbon\Carbon.php |  [ Time : 01:31 | Date : 04.02.2015 ] 
>>System Error :: Message => Undefined index: hour | ErrorNo => 8 | ErrorFile => 125 | ErrorLine  => C:\xampp\htdocs\framework\vendor\src\ozsa-src\Carbon\Carbon.php |  [ Time : 01:31 | Date : 04.02.2015 ] 
>>System Error :: Message => Undefined index: hour | ErrorNo => 8 | ErrorFile => 124 | ErrorLine  => C:\xampp\htdocs\framework\vendor\src\ozsa-src\Carbon\Carbon.php |  [ Time : 01:31 | Date : 04.02.2015 ] 
>>System Error :: Message => Undefined index: hour | ErrorNo => 8 | ErrorFile => 125 | ErrorLine  => C:\xampp\htdocs\framework\vendor\src\ozsa-src\Carbon\Carbon.php |  [ Time : 01:31 | Date : 04.02.2015 ] 
>>System Error :: Message => Undefined index: hour | ErrorNo => 8 | ErrorFile => 124 | ErrorLine  => C:\xampp\htdocs\framework\vendor\src\ozsa-src\Carbon\Carbon.php |  [ Time : 01:31 | Date : 04.02.2015 ] 
>>System Error :: Message => Undefined index: hour | ErrorNo => 8 | ErrorFile => 125 | ErrorLine  => C:\xampp\htdocs\framework\vendor\src\ozsa-src\Carbon\Carbon.php |  [ Time : 01:31 | Date : 04.02.2015 ] 
>>System Error :: Message => Undefined index: hour | ErrorNo => 8 | ErrorFile => 124 | ErrorLine  => C:\xampp\htdocs\framework\vendor\src\ozsa-src\Carbon\Carbon.php |  [ Time : 01:31 | Date : 04.02.2015 ] 
>>System Error :: Message => Undefined index: hour | ErrorNo => 8 | ErrorFile => 125 | ErrorLine  => C:\xampp\htdocs\framework\vendor\src\ozsa-src\Carbon\Carbon.php |  [ Time : 01:31 | Date : 04.02.2015 ] 
>>System Error :: Message => Undefined index: hour | ErrorNo => 8 | ErrorFile => 124 | ErrorLine  => C:\xampp\htdocs\framework\vendor\src\ozsa-src\Carbon\Carbon.php |  [ Time : 01:31 | Date : 04.02.2015 ] 
>>System Error :: Message => Undefined index: hour | ErrorNo => 8 | ErrorFile => 125 | ErrorLine  => C:\xampp\htdocs\framework\vendor\src\ozsa-src\Carbon\Carbon.php |  [ Time : 01:31 | Date : 04.02.2015 ] 
>>System Error :: Message => Undefined index: hour | ErrorNo => 8 | ErrorFile => 124 | ErrorLine  => C:\xampp\htdocs\framework\vendor\src\ozsa-src\Carbon\Carbon.php |  [ Time : 01:31 | Date : 04.02.2015 ] 
>>System Error :: Message => Undefined index: hour | ErrorNo => 8 | ErrorFile => 124 | ErrorLine  => C:\xampp\htdocs\framework\vendor\src\ozsa-src\Carbon\Carbon.php |  [ Time : 01:31 | Date : 04.02.2015 ] 
>>System Error :: Message => Undefined index: hour | ErrorNo => 8 | ErrorFile => 124 | ErrorLine  => C:\xampp\htdocs\framework\vendor\src\ozsa-src\Carbon\Carbon.php |  [ Time : 01:31 | Date : 04.02.2015 ] 
>>System Error :: Message => Undefined index: hour | ErrorNo => 8 | ErrorFile => 124 | ErrorLine  => C:\xampp\htdocs\framework\vendor\src\ozsa-src\Carbon\Carbon.php |  [ Time : 01:31 | Date : 04.02.2015 ] 
>>System Error :: Message => Undefined index: hour | ErrorNo => 8 | ErrorFile => 125 | ErrorLine  => C:\xampp\htdocs\framework\vendor\src\ozsa-src\Carbon\Carbon.php |  [ Time : 01:31 | Date : 04.02.2015 ] 
>>System Error :: Message => Undefined index: hour | ErrorNo => 8 | ErrorFile => 126 | ErrorLine  => C:\xampp\htdocs\framework\vendor\src\ozsa-src\Carbon\Carbon.php |  [ Time : 01:32 | Date : 04.02.2015 ] 
>>System Error :: Message => Undefined index: hour | ErrorNo => 8 | ErrorFile => 126 | ErrorLine  => C:\xampp\htdocs\framework\vendor\src\ozsa-src\Carbon\Carbon.php |  [ Time : 01:32 | Date : 04.02.2015 ] 
>>System Error :: Message => Undefined index: hour | ErrorNo => 8 | ErrorFile => 126 | ErrorLine  => C:\xampp\htdocs\framework\vendor\src\ozsa-src\Carbon\Carbon.php |  [ Time : 01:32 | Date : 04.02.2015 ] 
>>System Error :: Message => Undefined index: hour | ErrorNo => 8 | ErrorFile => 126 | ErrorLine  => C:\xampp\htdocs\framework\vendor\src\ozsa-src\Carbon\Carbon.php |  [ Time : 01:32 | Date : 04.02.2015 ] 
>>System Error :: Message => Undefined index: hour | ErrorNo => 8 | ErrorFile => 126 | ErrorLine  => C:\xampp\htdocs\framework\vendor\src\ozsa-src\Carbon\Carbon.php |  [ Time : 01:32 | Date : 04.02.2015 ] 
>>System Error :: Message => Undefined index: hour | ErrorNo => 8 | ErrorFile => 126 | ErrorLine  => C:\xampp\htdocs\framework\vendor\src\ozsa-src\Carbon\Carbon.php |  [ Time : 01:32 | Date : 04.02.2015 ] 
>>System Error :: Message => call_user_func_array() expects parameter 1 to be a valid callback, first array member is not a valid class name or object | ErrorNo => 2 | ErrorFile => 76 | ErrorLine  => C:\xampp\htdocs\framework\vendor\src\ozsa-src\Cache\Cache.php |  [ Time : 11:42 | Date : 04.02.2015 ] 
>>System Error :: Message => call_user_func_array() expects parameter 1 to be a valid callback, first array member is not a valid class name or object | ErrorNo => 2 | ErrorFile => 76 | ErrorLine  => C:\xampp\htdocs\framework\vendor\src\ozsa-src\Cache\Cache.php |  [ Time : 11:42 | Date : 04.02.2015 ] 
>>System Error :: Message => call_user_func_array() expects parameter 1 to be a valid callback, first array member is not a valid class name or object | ErrorNo => 2 | ErrorFile => 77 | ErrorLine  => C:\xampp\htdocs\framework\vendor\src\ozsa-src\Cache\Cache.php |  [ Time : 11:45 | Date : 04.02.2015 ] 
>>System Error :: Message => call_user_func_array() expects parameter 1 to be a valid callback, first array member is not a valid class name or object | ErrorNo => 2 | ErrorFile => 77 | ErrorLine  => C:\xampp\htdocs\framework\vendor\src\ozsa-src\Cache\Cache.php |  [ Time : 11:45 | Date : 04.02.2015 ] 
>>System Error :: Message => call_user_func_array() expects parameter 1 to be a valid callback, first array member is not a valid class name or object | ErrorNo => 2 | ErrorFile => 77 | ErrorLine  => C:\xampp\htdocs\framework\vendor\src\ozsa-src\Cache\Cache.php |  [ Time : 11:46 | Date : 04.02.2015 ] 
>>System Error :: Message => call_user_func_array() expects parameter 1 to be a valid callback, first array member is not a valid class name or object | ErrorNo => 2 | ErrorFile => 77 | ErrorLine  => C:\xampp\htdocs\framework\vendor\src\ozsa-src\Cache\Cache.php |  [ Time : 11:46 | Date : 04.02.2015 ] 
>>System Error :: Message => call_user_func_array() expects parameter 1 to be a valid callback, first array member is not a valid class name or object | ErrorNo => 2 | ErrorFile => 77 | ErrorLine  => C:\xampp\htdocs\framework\vendor\src\ozsa-src\Cache\Cache.php |  [ Time : 11:46 | Date : 04.02.2015 ] 
>>System Error :: Message => call_user_func_array() expects parameter 1 to be a valid callback, first array member is not a valid class name or object | ErrorNo => 2 | ErrorFile => 77 | ErrorLine  => C:\xampp\htdocs\framework\vendor\src\ozsa-src\Cache\Cache.php |  [ Time : 11:46 | Date : 04.02.2015 ] 
>>System Error :: Message => call_user_func_array() expects parameter 1 to be a valid callback, first array member is not a valid class name or object | ErrorNo => 2 | ErrorFile => 77 | ErrorLine  => C:\xampp\htdocs\framework\vendor\src\ozsa-src\Cache\Cache.php |  [ Time : 11:46 | Date : 04.02.2015 ] 
>>System Error :: Message => call_user_func_array() expects parameter 1 to be a valid callback, first array member is not a valid class name or object | ErrorNo => 2 | ErrorFile => 77 | ErrorLine  => C:\xampp\htdocs\framework\vendor\src\ozsa-src\Cache\Cache.php |  [ Time : 11:46 | Date : 04.02.2015 ] 
>>System Error :: Message => call_user_func_array() expects parameter 1 to be a valid callback, first array member is not a valid class name or object | ErrorNo => 2 | ErrorFile => 77 | ErrorLine  => C:\xampp\htdocs\framework\vendor\src\ozsa-src\Cache\Cache.php |  [ Time : 11:46 | Date : 04.02.2015 ] 
>>System Error :: Message => call_user_func_array() expects parameter 1 to be a valid callback, first array member is not a valid class name or object | ErrorNo => 2 | ErrorFile => 77 | ErrorLine  => C:\xampp\htdocs\framework\vendor\src\ozsa-src\Cache\Cache.php |  [ Time : 11:46 | Date : 04.02.2015 ] 
>>System Error :: Message => call_user_func_array() expects parameter 1 to be a valid callback, first array member is not a valid class name or object | ErrorNo => 2 | ErrorFile => 78 | ErrorLine  => C:\xampp\htdocs\framework\vendor\src\ozsa-src\Cache\Cache.php |  [ Time : 11:47 | Date : 04.02.2015 ] 
>>System Error :: Message => call_user_func_array() expects parameter 1 to be a valid callback, first array member is not a valid class name or object | ErrorNo => 2 | ErrorFile => 78 | ErrorLine  => C:\xampp\htdocs\framework\vendor\src\ozsa-src\Cache\Cache.php |  [ Time : 11:47 | Date : 04.02.2015 ] 
>>System Error :: Message => call_user_func_array() expects parameter 1 to be a valid callback, first array member is not a valid class name or object | ErrorNo => 2 | ErrorFile => 78 | ErrorLine  => C:\xampp\htdocs\framework\vendor\src\ozsa-src\Cache\Cache.php |  [ Time : 11:47 | Date : 04.02.2015 ] 
>>System Error :: Message => call_user_func_array() expects parameter 1 to be a valid callback, first array member is not a valid class name or object | ErrorNo => 2 | ErrorFile => 78 | ErrorLine  => C:\xampp\htdocs\framework\vendor\src\ozsa-src\Cache\Cache.php |  [ Time : 11:47 | Date : 04.02.2015 ] 
>>System Error :: Message => call_user_func_array() expects parameter 1 to be a valid callback, first array member is not a valid class name or object | ErrorNo => 2 | ErrorFile => 78 | ErrorLine  => C:\xampp\htdocs\framework\vendor\src\ozsa-src\Cache\Cache.php |  [ Time : 11:47 | Date : 04.02.2015 ] 
>>System Error :: Message => call_user_func_array() expects parameter 1 to be a valid callback, first array member is not a valid class name or object | ErrorNo => 2 | ErrorFile => 78 | ErrorLine  => C:\xampp\htdocs\framework\vendor\src\ozsa-src\Cache\Cache.php |  [ Time : 11:47 | Date : 04.02.2015 ] 
>>System Error :: Message => call_user_func_array() expects parameter 1 to be a valid callback, first array member is not a valid class name or object | ErrorNo => 2 | ErrorFile => 78 | ErrorLine  => C:\xampp\htdocs\framework\vendor\src\ozsa-src\Cache\Cache.php |  [ Time : 11:47 | Date : 04.02.2015 ] 
>>System Error :: Message => call_user_func_array() expects parameter 1 to be a valid callback, first array member is not a valid class name or object | ErrorNo => 2 | ErrorFile => 78 | ErrorLine  => C:\xampp\htdocs\framework\vendor\src\ozsa-src\Cache\Cache.php |  [ Time : 11:47 | Date : 04.02.2015 ] 
>>System Error :: Message => Undefined index: CookieFolder | ErrorNo => 8 | ErrorFile => 64 | ErrorLine  => C:\xampp\htdocs\framework\vendor\src\ozsa-src\Cache\Cache.php |  [ Time : 11:51 | Date : 04.02.2015 ] 
>>System Error :: Message => Illegal string offset 'time' | ErrorNo => 2 | ErrorFile => 53 | ErrorLine  => C:\xampp\htdocs\framework\vendor\src\ozsa-src\Cache\cacheDrivers\fileCache.php |  [ Time : 11:53 | Date : 04.02.2015 ] 
>>System Error :: Message => Illegal string offset 'time' | ErrorNo => 2 | ErrorFile => 53 | ErrorLine  => C:\xampp\htdocs\framework\vendor\src\ozsa-src\Cache\cacheDrivers\fileCache.php |  [ Time : 11:53 | Date : 04.02.2015 ] 
>>System Error :: Message => Illegal string offset 'time' | ErrorNo => 2 | ErrorFile => 53 | ErrorLine  => C:\xampp\htdocs\framework\vendor\src\ozsa-src\Cache\cacheDrivers\fileCache.php |  [ Time : 11:53 | Date : 04.02.2015 ] 
>>System Error :: Message => Illegal string offset 'time' | ErrorNo => 2 | ErrorFile => 53 | ErrorLine  => C:\xampp\htdocs\framework\vendor\src\ozsa-src\Cache\cacheDrivers\fileCache.php |  [ Time : 11:53 | Date : 04.02.2015 ] 
>>System Error :: Message => Illegal string offset 'time' | ErrorNo => 2 | ErrorFile => 53 | ErrorLine  => C:\xampp\htdocs\framework\vendor\src\ozsa-src\Cache\cacheDrivers\fileCache.php |  [ Time : 11:53 | Date : 04.02.2015 ] 
>>System Error :: Message => Illegal string offset 'time' | ErrorNo => 2 | ErrorFile => 53 | ErrorLine  => C:\xampp\htdocs\framework\vendor\src\ozsa-src\Cache\cacheDrivers\fileCache.php |  [ Time : 11:53 | Date : 04.02.2015 ] 
>>System Error :: Message => Illegal string offset 'time' | ErrorNo => 2 | ErrorFile => 53 | ErrorLine  => C:\xampp\htdocs\framework\vendor\src\ozsa-src\Cache\cacheDrivers\fileCache.php |  [ Time : 11:53 | Date : 04.02.2015 ] 
>>System Error :: Message => Illegal string offset 'time' | ErrorNo => 2 | ErrorFile => 54 | ErrorLine  => C:\xampp\htdocs\framework\vendor\src\ozsa-src\Cache\cacheDrivers\fileCache.php |  [ Time : 11:54 | Date : 04.02.2015 ] 
>>System Error :: Message => Illegal string offset 'times' | ErrorNo => 2 | ErrorFile => 54 | ErrorLine  => C:\xampp\htdocs\framework\vendor\src\ozsa-src\Cache\cacheDrivers\fileCache.php |  [ Time : 11:54 | Date : 04.02.2015 ] 
>>System Error :: Message => Illegal string offset 'times' | ErrorNo => 2 | ErrorFile => 54 | ErrorLine  => C:\xampp\htdocs\framework\vendor\src\ozsa-src\Cache\cacheDrivers\fileCache.php |  [ Time : 11:54 | Date : 04.02.2015 ] 
>>System Error :: Message => Illegal string offset 'times' | ErrorNo => 2 | ErrorFile => 54 | ErrorLine  => C:\xampp\htdocs\framework\vendor\src\ozsa-src\Cache\cacheDrivers\fileCache.php |  [ Time : 11:54 | Date : 04.02.2015 ] 
>>System Error :: Message => Illegal string offset 'times' | ErrorNo => 2 | ErrorFile => 54 | ErrorLine  => C:\xampp\htdocs\framework\vendor\src\ozsa-src\Cache\cacheDrivers\fileCache.php |  [ Time : 11:54 | Date : 04.02.2015 ] 
>>System Error :: Message => Illegal string offset 'times' | ErrorNo => 2 | ErrorFile => 54 | ErrorLine  => C:\xampp\htdocs\framework\vendor\src\ozsa-src\Cache\cacheDrivers\fileCache.php |  [ Time : 11:54 | Date : 04.02.2015 ] 
>>System Error :: Message => Illegal string offset 'times' | ErrorNo => 2 | ErrorFile => 54 | ErrorLine  => C:\xampp\htdocs\framework\vendor\src\ozsa-src\Cache\cacheDrivers\fileCache.php |  [ Time : 11:54 | Date : 04.02.2015 ] 
>>System Error :: Message => Illegal string offset 'times' | ErrorNo => 2 | ErrorFile => 54 | ErrorLine  => C:\xampp\htdocs\framework\vendor\src\ozsa-src\Cache\cacheDrivers\fileCache.php |  [ Time : 11:54 | Date : 04.02.2015 ] 
>>System Error :: Message => Illegal string offset 'times' | ErrorNo => 2 | ErrorFile => 54 | ErrorLine  => C:\xampp\htdocs\framework\vendor\src\ozsa-src\Cache\cacheDrivers\fileCache.php |  [ Time : 11:54 | Date : 04.02.2015 ] 
>>System Error :: Message => Illegal string offset 'times' | ErrorNo => 2 | ErrorFile => 54 | ErrorLine  => C:\xampp\htdocs\framework\vendor\src\ozsa-src\Cache\cacheDrivers\fileCache.php |  [ Time : 11:54 | Date : 04.02.2015 ] 
>>System Error :: Message => Illegal string offset 'times' | ErrorNo => 2 | ErrorFile => 54 | ErrorLine  => C:\xampp\htdocs\framework\vendor\src\ozsa-src\Cache\cacheDrivers\fileCache.php |  [ Time : 11:54 | Date : 04.02.2015 ] 
>>System Error :: Message => Illegal string offset 'times' | ErrorNo => 2 | ErrorFile => 54 | ErrorLine  => C:\xampp\htdocs\framework\vendor\src\ozsa-src\Cache\cacheDrivers\fileCache.php |  [ Time : 11:55 | Date : 04.02.2015 ] 
>>System Error :: Message => Illegal string offset 'times' | ErrorNo => 2 | ErrorFile => 54 | ErrorLine  => C:\xampp\htdocs\framework\vendor\src\ozsa-src\Cache\cacheDrivers\fileCache.php |  [ Time : 11:55 | Date : 04.02.2015 ] 
>>System Error :: Message => Illegal string offset 'times' | ErrorNo => 2 | ErrorFile => 54 | ErrorLine  => C:\xampp\htdocs\framework\vendor\src\ozsa-src\Cache\cacheDrivers\fileCache.php |  [ Time : 11:55 | Date : 04.02.2015 ] 
>>System Error :: Message => Illegal string offset 'times' | ErrorNo => 2 | ErrorFile => 54 | ErrorLine  => C:\xampp\htdocs\framework\vendor\src\ozsa-src\Cache\cacheDrivers\fileCache.php |  [ Time : 11:55 | Date : 04.02.2015 ] 
>>System Error :: Message => Illegal string offset 'times' | ErrorNo => 2 | ErrorFile => 54 | ErrorLine  => C:\xampp\htdocs\framework\vendor\src\ozsa-src\Cache\cacheDrivers\fileCache.php |  [ Time : 11:55 | Date : 04.02.2015 ] 
>>System Error :: Message => Illegal string offset 'times' | ErrorNo => 2 | ErrorFile => 54 | ErrorLine  => C:\xampp\htdocs\framework\vendor\src\ozsa-src\Cache\cacheDrivers\fileCache.php |  [ Time : 11:55 | Date : 04.02.2015 ] 
>>System Error :: Message => Illegal string offset 'times' | ErrorNo => 2 | ErrorFile => 55 | ErrorLine  => C:\xampp\htdocs\framework\vendor\src\ozsa-src\Cache\cacheDrivers\fileCache.php |  [ Time : 11:55 | Date : 04.02.2015 ] 
>>System Error :: Message => Illegal string offset 'times' | ErrorNo => 2 | ErrorFile => 55 | ErrorLine  => C:\xampp\htdocs\framework\vendor\src\ozsa-src\Cache\cacheDrivers\fileCache.php |  [ Time : 11:55 | Date : 04.02.2015 ] 
>>System Error :: Message => Illegal string offset 'times' | ErrorNo => 2 | ErrorFile => 53 | ErrorLine  => C:\xampp\htdocs\framework\vendor\src\ozsa-src\Cache\cacheDrivers\fileCache.php |  [ Time : 11:56 | Date : 04.02.2015 ] 
>>System Error :: Message => Illegal string offset 'times' | ErrorNo => 2 | ErrorFile => 53 | ErrorLine  => C:\xampp\htdocs\framework\vendor\src\ozsa-src\Cache\cacheDrivers\fileCache.php |  [ Time : 11:56 | Date : 04.02.2015 ] 
>>System Error :: Message => Illegal string offset 'times' | ErrorNo => 2 | ErrorFile => 53 | ErrorLine  => C:\xampp\htdocs\framework\vendor\src\ozsa-src\Cache\cacheDrivers\fileCache.php |  [ Time : 11:56 | Date : 04.02.2015 ] 
>>System Error :: Message => Illegal string offset 'times' | ErrorNo => 2 | ErrorFile => 53 | ErrorLine  => C:\xampp\htdocs\framework\vendor\src\ozsa-src\Cache\cacheDrivers\fileCache.php |  [ Time : 11:56 | Date : 04.02.2015 ] 
>>System Error :: Message => Illegal string offset 'times' | ErrorNo => 2 | ErrorFile => 54 | ErrorLine  => C:\xampp\htdocs\framework\vendor\src\ozsa-src\Cache\cacheDrivers\fileCache.php |  [ Time : 11:56 | Date : 04.02.2015 ] 
>>System Error :: Message => Illegal string offset 'times' | ErrorNo => 2 | ErrorFile => 54 | ErrorLine  => C:\xampp\htdocs\framework\vendor\src\ozsa-src\Cache\cacheDrivers\fileCache.php |  [ Time : 11:56 | Date : 04.02.2015 ] 
>>System Error :: Message => Illegal string offset 'times' | ErrorNo => 2 | ErrorFile => 54 | ErrorLine  => C:\xampp\htdocs\framework\vendor\src\ozsa-src\Cache\cacheDrivers\fileCache.php |  [ Time : 11:56 | Date : 04.02.2015 ] 
>>System Error :: Message => Illegal string offset 'times' | ErrorNo => 2 | ErrorFile => 54 | ErrorLine  => C:\xampp\htdocs\framework\vendor\src\ozsa-src\Cache\cacheDrivers\fileCache.php |  [ Time : 11:56 | Date : 04.02.2015 ] 
>>System Error :: Message => Undefined property: stdClass::$time | ErrorNo => 8 | ErrorFile => 29 | ErrorLine  => C:\xampp\htdocs\framework\vendor\src\ozsa-src\Cache\cacheDrivers\fileCache.php |  [ Time : 12:00 | Date : 04.02.2015 ] 
>>System Error :: Message => require(Configs/Configs.php): failed to open stream: No such file or directory | ErrorNo => 2 | ErrorFile => 13 | ErrorLine  => C:\xampp\htdocs\framework\vendor\src\ozsa-src\Cache\cacheDrivers\fileCache.php |  [ Time : 12:26 | Date : 04.02.2015 ] 
>>System Error :: Message => Missing argument 2 for Cache\fileCache::get() | ErrorNo => 2 | ErrorFile => 18 | ErrorLine  => C:\xampp\htdocs\framework\vendor\src\ozsa-src\Cache\cacheDrivers\fileCache.php |  [ Time : 12:26 | Date : 04.02.2015 ] 
>>System Error :: Message => Undefined variable: that | ErrorNo => 8 | ErrorFile => 21 | ErrorLine  => C:\xampp\htdocs\framework\vendor\src\ozsa-src\Cache\cacheDrivers\fileCache.php |  [ Time : 12:26 | Date : 04.02.2015 ] 
>>System Error :: Message => Trying to get property of non-object | ErrorNo => 8 | ErrorFile => 21 | ErrorLine  => C:\xampp\htdocs\framework\vendor\src\ozsa-src\Cache\cacheDrivers\fileCache.php |  [ Time : 12:26 | Date : 04.02.2015 ] 
>>System Error :: Message => Missing argument 2 for Cache\fileCache::get() | ErrorNo => 2 | ErrorFile => 18 | ErrorLine  => C:\xampp\htdocs\framework\vendor\src\ozsa-src\Cache\cacheDrivers\fileCache.php |  [ Time : 12:27 | Date : 04.02.2015 ] 
>>System Error :: Message => Undefined variable: that | ErrorNo => 8 | ErrorFile => 21 | ErrorLine  => C:\xampp\htdocs\framework\vendor\src\ozsa-src\Cache\cacheDrivers\fileCache.php |  [ Time : 12:27 | Date : 04.02.2015 ] 
>>System Error :: Message => Trying to get property of non-object | ErrorNo => 8 | ErrorFile => 21 | ErrorLine  => C:\xampp\htdocs\framework\vendor\src\ozsa-src\Cache\cacheDrivers\fileCache.php |  [ Time : 12:27 | Date : 04.02.2015 ] 
>>System Error :: Message => Missing argument 2 for Cache\fileCache::get() | ErrorNo => 2 | ErrorFile => 18 | ErrorLine  => C:\xampp\htdocs\framework\vendor\src\ozsa-src\Cache\cacheDrivers\fileCache.php |  [ Time : 12:27 | Date : 04.02.2015 ] 
>>System Error :: Message => Undefined variable: that | ErrorNo => 8 | ErrorFile => 21 | ErrorLine  => C:\xampp\htdocs\framework\vendor\src\ozsa-src\Cache\cacheDrivers\fileCache.php |  [ Time : 12:27 | Date : 04.02.2015 ] 
>>System Error :: Message => Trying to get property of non-object | ErrorNo => 8 | ErrorFile => 21 | ErrorLine  => C:\xampp\htdocs\framework\vendor\src\ozsa-src\Cache\cacheDrivers\fileCache.php |  [ Time : 12:27 | Date : 04.02.2015 ] 
>>System Error :: Message => Missing argument 2 for Cache\fileCache::get() | ErrorNo => 2 | ErrorFile => 18 | ErrorLine  => C:\xampp\htdocs\framework\vendor\src\ozsa-src\Cache\cacheDrivers\fileCache.php |  [ Time : 12:27 | Date : 04.02.2015 ] 
>>System Error :: Message => Undefined variable: that | ErrorNo => 8 | ErrorFile => 21 | ErrorLine  => C:\xampp\htdocs\framework\vendor\src\ozsa-src\Cache\cacheDrivers\fileCache.php |  [ Time : 12:27 | Date : 04.02.2015 ] 
>>System Error :: Message => Trying to get property of non-object | ErrorNo => 8 | ErrorFile => 21 | ErrorLine  => C:\xampp\htdocs\framework\vendor\src\ozsa-src\Cache\cacheDrivers\fileCache.php |  [ Time : 12:27 | Date : 04.02.2015 ] 
>>System Error :: Message => Missing argument 2 for Cache\fileCache::get() | ErrorNo => 2 | ErrorFile => 18 | ErrorLine  => C:\xampp\htdocs\framework\vendor\src\ozsa-src\Cache\cacheDrivers\fileCache.php |  [ Time : 12:27 | Date : 04.02.2015 ] 
>>System Error :: Message => Undefined variable: that | ErrorNo => 8 | ErrorFile => 21 | ErrorLine  => C:\xampp\htdocs\framework\vendor\src\ozsa-src\Cache\cacheDrivers\fileCache.php |  [ Time : 12:27 | Date : 04.02.2015 ] 
>>System Error :: Message => Trying to get property of non-object | ErrorNo => 8 | ErrorFile => 21 | ErrorLine  => C:\xampp\htdocs\framework\vendor\src\ozsa-src\Cache\cacheDrivers\fileCache.php |  [ Time : 12:27 | Date : 04.02.2015 ] 
>>System Error :: Message => Missing argument 2 for Cache\fileCache::get() | ErrorNo => 2 | ErrorFile => 18 | ErrorLine  => C:\xampp\htdocs\framework\vendor\src\ozsa-src\Cache\cacheDrivers\fileCache.php |  [ Time : 12:27 | Date : 04.02.2015 ] 
>>System Error :: Message => Undefined variable: that | ErrorNo => 8 | ErrorFile => 21 | ErrorLine  => C:\xampp\htdocs\framework\vendor\src\ozsa-src\Cache\cacheDrivers\fileCache.php |  [ Time : 12:27 | Date : 04.02.2015 ] 
>>System Error :: Message => Trying to get property of non-object | ErrorNo => 8 | ErrorFile => 21 | ErrorLine  => C:\xampp\htdocs\framework\vendor\src\ozsa-src\Cache\cacheDrivers\fileCache.php |  [ Time : 12:27 | Date : 04.02.2015 ] 
>>System Error :: Message => Missing argument 2 for Cache\fileCache::get() | ErrorNo => 2 | ErrorFile => 18 | ErrorLine  => C:\xampp\htdocs\framework\vendor\src\ozsa-src\Cache\cacheDrivers\fileCache.php |  [ Time : 12:27 | Date : 04.02.2015 ] 
>>System Error :: Message => Undefined variable: that | ErrorNo => 8 | ErrorFile => 21 | ErrorLine  => C:\xampp\htdocs\framework\vendor\src\ozsa-src\Cache\cacheDrivers\fileCache.php |  [ Time : 12:27 | Date : 04.02.2015 ] 
>>System Error :: Message => Trying to get property of non-object | ErrorNo => 8 | ErrorFile => 21 | ErrorLine  => C:\xampp\htdocs\framework\vendor\src\ozsa-src\Cache\cacheDrivers\fileCache.php |  [ Time : 12:27 | Date : 04.02.2015 ] 
>>System Error :: Message => Missing argument 2 for Cache\fileCache::get() | ErrorNo => 2 | ErrorFile => 18 | ErrorLine  => C:\xampp\htdocs\framework\vendor\src\ozsa-src\Cache\cacheDrivers\fileCache.php |  [ Time : 12:27 | Date : 04.02.2015 ] 
>>System Error :: Message => Undefined variable: that | ErrorNo => 8 | ErrorFile => 21 | ErrorLine  => C:\xampp\htdocs\framework\vendor\src\ozsa-src\Cache\cacheDrivers\fileCache.php |  [ Time : 12:27 | Date : 04.02.2015 ] 
>>System Error :: Message => Trying to get property of non-object | ErrorNo => 8 | ErrorFile => 21 | ErrorLine  => C:\xampp\htdocs\framework\vendor\src\ozsa-src\Cache\cacheDrivers\fileCache.php |  [ Time : 12:27 | Date : 04.02.2015 ] 
>>System Error :: Message => Missing argument 2 for Cache\fileCache::get() | ErrorNo => 2 | ErrorFile => 18 | ErrorLine  => C:\xampp\htdocs\framework\vendor\src\ozsa-src\Cache\cacheDrivers\fileCache.php |  [ Time : 12:27 | Date : 04.02.2015 ] 
>>System Error :: Message => Undefined variable: that | ErrorNo => 8 | ErrorFile => 21 | ErrorLine  => C:\xampp\htdocs\framework\vendor\src\ozsa-src\Cache\cacheDrivers\fileCache.php |  [ Time : 12:27 | Date : 04.02.2015 ] 
>>System Error :: Message => Trying to get property of non-object | ErrorNo => 8 | ErrorFile => 21 | ErrorLine  => C:\xampp\htdocs\framework\vendor\src\ozsa-src\Cache\cacheDrivers\fileCache.php |  [ Time : 12:27 | Date : 04.02.2015 ] 
>>System Error :: Message => Missing argument 2 for Cache\fileCache::get() | ErrorNo => 2 | ErrorFile => 18 | ErrorLine  => C:\xampp\htdocs\framework\vendor\src\ozsa-src\Cache\cacheDrivers\fileCache.php |  [ Time : 12:27 | Date : 04.02.2015 ] 
>>System Error :: Message => Undefined variable: that | ErrorNo => 8 | ErrorFile => 21 | ErrorLine  => C:\xampp\htdocs\framework\vendor\src\ozsa-src\Cache\cacheDrivers\fileCache.php |  [ Time : 12:27 | Date : 04.02.2015 ] 
>>System Error :: Message => Trying to get property of non-object | ErrorNo => 8 | ErrorFile => 21 | ErrorLine  => C:\xampp\htdocs\framework\vendor\src\ozsa-src\Cache\cacheDrivers\fileCache.php |  [ Time : 12:27 | Date : 04.02.2015 ] 
>>System Error :: Message => Missing argument 2 for Cache\fileCache::get() | ErrorNo => 2 | ErrorFile => 18 | ErrorLine  => C:\xampp\htdocs\framework\vendor\src\ozsa-src\Cache\cacheDrivers\fileCache.php |  [ Time : 12:27 | Date : 04.02.2015 ] 
>>System Error :: Message => Undefined variable: that | ErrorNo => 8 | ErrorFile => 21 | ErrorLine  => C:\xampp\htdocs\framework\vendor\src\ozsa-src\Cache\cacheDrivers\fileCache.php |  [ Time : 12:27 | Date : 04.02.2015 ] 
>>System Error :: Message => Trying to get property of non-object | ErrorNo => 8 | ErrorFile => 21 | ErrorLine  => C:\xampp\htdocs\framework\vendor\src\ozsa-src\Cache\cacheDrivers\fileCache.php |  [ Time : 12:27 | Date : 04.02.2015 ] 
>>System Error :: Message => Missing argument 2 for Cache\fileCache::get() | ErrorNo => 2 | ErrorFile => 18 | ErrorLine  => C:\xampp\htdocs\framework\vendor\src\ozsa-src\Cache\cacheDrivers\fileCache.php |  [ Time : 12:27 | Date : 04.02.2015 ] 
>>System Error :: Message => Undefined variable: that | ErrorNo => 8 | ErrorFile => 21 | ErrorLine  => C:\xampp\htdocs\framework\vendor\src\ozsa-src\Cache\cacheDrivers\fileCache.php |  [ Time : 12:27 | Date : 04.02.2015 ] 
>>System Error :: Message => Trying to get property of non-object | ErrorNo => 8 | ErrorFile => 21 | ErrorLine  => C:\xampp\htdocs\framework\vendor\src\ozsa-src\Cache\cacheDrivers\fileCache.php |  [ Time : 12:27 | Date : 04.02.2015 ] 
>>System Error :: Message => Missing argument 2 for Cache\fileCache::get() | ErrorNo => 2 | ErrorFile => 18 | ErrorLine  => C:\xampp\htdocs\framework\vendor\src\ozsa-src\Cache\cacheDrivers\fileCache.php |  [ Time : 12:27 | Date : 04.02.2015 ] 
>>System Error :: Message => Undefined variable: that | ErrorNo => 8 | ErrorFile => 21 | ErrorLine  => C:\xampp\htdocs\framework\vendor\src\ozsa-src\Cache\cacheDrivers\fileCache.php |  [ Time : 12:27 | Date : 04.02.2015 ] 
>>System Error :: Message => Trying to get property of non-object | ErrorNo => 8 | ErrorFile => 21 | ErrorLine  => C:\xampp\htdocs\framework\vendor\src\ozsa-src\Cache\cacheDrivers\fileCache.php |  [ Time : 12:27 | Date : 04.02.2015 ] 
>>System Error :: Message => Trying to get property of non-object | ErrorNo => 8 | ErrorFile => 21 | ErrorLine  => C:\xampp\htdocs\framework\vendor\src\ozsa-src\Cache\cacheDrivers\fileCache.php |  [ Time : 12:28 | Date : 04.02.2015 ] 
>>System Error :: Message => Trying to get property of non-object | ErrorNo => 8 | ErrorFile => 21 | ErrorLine  => C:\xampp\htdocs\framework\vendor\src\ozsa-src\Cache\cacheDrivers\fileCache.php |  [ Time : 12:28 | Date : 04.02.2015 ] 
>>System Error :: Message => Trying to get property of non-object | ErrorNo => 8 | ErrorFile => 21 | ErrorLine  => C:\xampp\htdocs\framework\vendor\src\ozsa-src\Cache\cacheDrivers\fileCache.php |  [ Time : 12:28 | Date : 04.02.2015 ] 
>>System Error :: Message => Trying to get property of non-object | ErrorNo => 8 | ErrorFile => 21 | ErrorLine  => C:\xampp\htdocs\framework\vendor\src\ozsa-src\Cache\cacheDrivers\fileCache.php |  [ Time : 12:28 | Date : 04.02.2015 ] 
>>System Error :: Message => Array to string conversion | ErrorNo => 8 | ErrorFile => 5 | ErrorLine  => C:\xampp\htdocs\framework\app\Views\index.php |  [ Time : 12:34 | Date : 04.02.2015 ] 
>>System Error :: Message => call_user_func_array() expects parameter 1 to be a valid callback, class 'Session' does not have a method 'flush' | ErrorNo => 2 | ErrorFile => 38 | ErrorLine  => C:\xampp\htdocs\framework\vendor\src\ozsa-src\Session\Session.php |  [ Time : 13:41 | Date : 04.02.2015 ] 
>>System Error :: Message => Object of class Session could not be converted to string | ErrorNo => 4096 | ErrorFile => 38 | ErrorLine  => C:\xampp\htdocs\framework\vendor\src\ozsa-src\Session\Session.php |  [ Time : 13:43 | Date : 04.02.2015 ] 
>>System Error :: Message => call_user_func_array() expects parameter 1 to be a valid callback, class 'Session' does not have a method 'flush' | ErrorNo => 2 | ErrorFile => 39 | ErrorLine  => C:\xampp\htdocs\framework\vendor\src\ozsa-src\Session\Session.php |  [ Time : 13:43 | Date : 04.02.2015 ] 
>>System Error :: Message => call_user_func_array() expects parameter 1 to be a valid callback, class 'Session' does not have a method 'flush' | ErrorNo => 2 | ErrorFile => 39 | ErrorLine  => C:\xampp\htdocs\framework\vendor\src\ozsa-src\Session\Session.php |  [ Time : 13:43 | Date : 04.02.2015 ] 
>>System Error :: Message => call_user_func_array() expects parameter 1 to be a valid callback, class 'Session' does not have a method 'flush' | ErrorNo => 2 | ErrorFile => 39 | ErrorLine  => C:\xampp\htdocs\framework\vendor\src\ozsa-src\Session\Session.php |  [ Time : 13:43 | Date : 04.02.2015 ] 
>>System Error :: Message => call_user_func_array() expects parameter 1 to be a valid callback, class 'Session' does not have a method 'flush' | ErrorNo => 2 | ErrorFile => 39 | ErrorLine  => C:\xampp\htdocs\framework\vendor\src\ozsa-src\Session\Session.php |  [ Time : 13:43 | Date : 04.02.2015 ] 
>>System Error :: Message => call_user_func_array() expects parameter 1 to be a valid callback, class 'Session' does not have a method 'flush' | ErrorNo => 2 | ErrorFile => 39 | ErrorLine  => C:\xampp\htdocs\framework\vendor\src\ozsa-src\Session\Session.php |  [ Time : 13:43 | Date : 04.02.2015 ] 
>>System Error :: Message => call_user_func_array() expects parameter 1 to be a valid callback, class 'Session' does not have a method 'flush' | ErrorNo => 2 | ErrorFile => 39 | ErrorLine  => C:\xampp\htdocs\framework\vendor\src\ozsa-src\Session\Session.php |  [ Time : 13:43 | Date : 04.02.2015 ] 
>>System Error :: Message => call_user_func_array() expects parameter 1 to be a valid callback, class 'Session' does not have a method 'flush' | ErrorNo => 2 | ErrorFile => 39 | ErrorLine  => C:\xampp\htdocs\framework\vendor\src\ozsa-src\Session\Session.php |  [ Time : 13:43 | Date : 04.02.2015 ] 
>>System Error :: Message => call_user_func_array() expects parameter 1 to be a valid callback, class 'Session' does not have a method 'flush' | ErrorNo => 2 | ErrorFile => 39 | ErrorLine  => C:\xampp\htdocs\framework\vendor\src\ozsa-src\Session\Session.php |  [ Time : 13:43 | Date : 04.02.2015 ] 
>>System Error :: Message => call_user_func_array() expects parameter 1 to be a valid callback, class 'Session' does not have a method 'flush' | ErrorNo => 2 | ErrorFile => 39 | ErrorLine  => C:\xampp\htdocs\framework\vendor\src\ozsa-src\Session\Session.php |  [ Time : 13:43 | Date : 04.02.2015 ] 
>>System Error :: Message => call_user_func_array() expects parameter 1 to be a valid callback, class 'Session' does not have a method 'flush' | ErrorNo => 2 | ErrorFile => 39 | ErrorLine  => C:\xampp\htdocs\framework\vendor\src\ozsa-src\Session\Session.php |  [ Time : 13:43 | Date : 04.02.2015 ] 
>>System Error :: Message => call_user_func_array() expects parameter 1 to be a valid callback, class 'Session' does not have a method 'flush' | ErrorNo => 2 | ErrorFile => 39 | ErrorLine  => C:\xampp\htdocs\framework\vendor\src\ozsa-src\Session\Session.php |  [ Time : 13:43 | Date : 04.02.2015 ] 
>>System Error :: Message => Object of class Session could not be converted to string | ErrorNo => 4096 | ErrorFile => 38 | ErrorLine  => C:\xampp\htdocs\framework\vendor\src\ozsa-src\Session\Session.php |  [ Time : 13:44 | Date : 04.02.2015 ] 
>>System Error :: Message => call_user_func_array() expects parameter 1 to be a valid callback, class 'Session' does not have a method 'flush' | ErrorNo => 2 | ErrorFile => 39 | ErrorLine  => C:\xampp\htdocs\framework\vendor\src\ozsa-src\Session\Session.php |  [ Time : 13:44 | Date : 04.02.2015 ] 
>>System Error :: Message => Object of class Session could not be converted to string | ErrorNo => 4096 | ErrorFile => 38 | ErrorLine  => C:\xampp\htdocs\framework\vendor\src\ozsa-src\Session\Session.php |  [ Time : 13:44 | Date : 04.02.2015 ] 
>>System Error :: Message => call_user_func_array() expects parameter 1 to be a valid callback, class 'Session' does not have a method 'flush' | ErrorNo => 2 | ErrorFile => 39 | ErrorLine  => C:\xampp\htdocs\framework\vendor\src\ozsa-src\Session\Session.php |  [ Time : 13:44 | Date : 04.02.2015 ] 
>>System Error :: Message => Object of class Session could not be converted to string | ErrorNo => 4096 | ErrorFile => 38 | ErrorLine  => C:\xampp\htdocs\framework\vendor\src\ozsa-src\Session\Session.php |  [ Time : 13:44 | Date : 04.02.2015 ] 
>>System Error :: Message => call_user_func_array() expects parameter 1 to be a valid callback, class 'Session' does not have a method 'flush' | ErrorNo => 2 | ErrorFile => 39 | ErrorLine  => C:\xampp\htdocs\framework\vendor\src\ozsa-src\Session\Session.php |  [ Time : 13:44 | Date : 04.02.2015 ] 
>>System Error :: Message => Object of class Session could not be converted to string | ErrorNo => 4096 | ErrorFile => 38 | ErrorLine  => C:\xampp\htdocs\framework\vendor\src\ozsa-src\Session\Session.php |  [ Time : 13:44 | Date : 04.02.2015 ] 
>>System Error :: Message => call_user_func_array() expects parameter 1 to be a valid callback, class 'Session' does not have a method 'flush' | ErrorNo => 2 | ErrorFile => 39 | ErrorLine  => C:\xampp\htdocs\framework\vendor\src\ozsa-src\Session\Session.php |  [ Time : 13:44 | Date : 04.02.2015 ] 
>>System Error :: Message => Object of class Session could not be converted to string | ErrorNo => 4096 | ErrorFile => 38 | ErrorLine  => C:\xampp\htdocs\framework\vendor\src\ozsa-src\Session\Session.php |  [ Time : 13:44 | Date : 04.02.2015 ] 
>>System Error :: Message => call_user_func_array() expects parameter 1 to be a valid callback, class 'Session' does not have a method 'flush' | ErrorNo => 2 | ErrorFile => 39 | ErrorLine  => C:\xampp\htdocs\framework\vendor\src\ozsa-src\Session\Session.php |  [ Time : 13:44 | Date : 04.02.2015 ] 
>>System Error :: Message => call_user_func_array() expects parameter 1 to be a valid callback, class 'Session' does not have a method 'flush' | ErrorNo => 2 | ErrorFile => 39 | ErrorLine  => C:\xampp\htdocs\framework\vendor\src\ozsa-src\Session\Session.php |  [ Time : 13:44 | Date : 04.02.2015 ] 
>>System Error :: Message => Undefined variable: tableName | ErrorNo => 8 | ErrorFile => 102 | ErrorLine  => C:\xampp\htdocs\framework\vendor\src\ozsa-src\orm\orm.php |  [ Time : 13:46 | Date : 04.02.2015 ] 
