>>User Error ::   veritabanında query adında bir fonksiyon yok [ Time : 02:08 | Date : 30.01.2015 ]
>>User Error ::   veritabanında fetch adında bir fonksiyon yok [ Time : 02:08 | Date : 30.01.2015 ]
>>User Error ::  PDO veritabanında fetch adında bir fonksiyon yok [ Time : 02:09 | Date : 30.01.2015 ]
>>System Error :: Message => 8 | ErrorNo => Undefined offset: 2 | ErrorFile => 73 | ErrorLine  => C:\xampp\htdocs\Phpframework\vendor\src\ozsa-src\App\App.php |  [ Time : 01:21 | Date : 31.01.2015 ] 
>>System Error :: Message => 8 | ErrorNo => Undefined property: Validator::$autoValidate | ErrorFile => 15 | ErrorLine  => C:\xampp\htdocs\Phpframework\vendor\src\ozsa-src\Validate\Validator.php |  [ Time : 01:21 | Date : 31.01.2015 ] 
>>System Error :: Message => 8 | ErrorNo => Undefined property: App\Assets::$post | ErrorFile => 54 | ErrorLine  => C:\xampp\htdocs\Phpframework\vendor\src\ozsa-src\App\Assets.php |  [ Time : 01:21 | Date : 31.01.2015 ] 
>>System Error :: Message => 2 | ErrorNo => strip_tags() expects parameter 1 to be string, array given | ErrorFile => 52 | ErrorLine  => C:\xampp\htdocs\Phpframework\vendor\src\ozsa-src\Validate\Validator.php |  [ Time : 01:21 | Date : 31.01.2015 ] 
>>System Error :: Message => 8 | ErrorNo => Undefined offset: 2 | ErrorFile => 75 | ErrorLine  => C:\xampp\htdocs\Phpframework\vendor\src\ozsa-src\App\App.php |  [ Time : 01:23 | Date : 31.01.2015 ] 
>>System Error :: Message => 8 | ErrorNo => Undefined property: Validator::$autoValidate | ErrorFile => 15 | ErrorLine  => C:\xampp\htdocs\Phpframework\vendor\src\ozsa-src\Validate\Validator.php |  [ Time : 01:23 | Date : 31.01.2015 ] 
>>System Error :: Message => 8 | ErrorNo => Undefined property: App\Assets::$post | ErrorFile => 54 | ErrorLine  => C:\xampp\htdocs\Phpframework\vendor\src\ozsa-src\App\Assets.php |  [ Time : 01:23 | Date : 31.01.2015 ] 
>>System Error :: Message => 2 | ErrorNo => strip_tags() expects parameter 1 to be string, array given | ErrorFile => 52 | ErrorLine  => C:\xampp\htdocs\Phpframework\vendor\src\ozsa-src\Validate\Validator.php |  [ Time : 01:23 | Date : 31.01.2015 ] 
>>System Error :: Message => 8 | ErrorNo => Undefined offset: 2 | ErrorFile => 75 | ErrorLine  => C:\xampp\htdocs\Phpframework\vendor\src\ozsa-src\App\App.php |  [ Time : 01:23 | Date : 31.01.2015 ] 
>>System Error :: Message => 8 | ErrorNo => Undefined property: Validator::$autoValidate | ErrorFile => 15 | ErrorLine  => C:\xampp\htdocs\Phpframework\vendor\src\ozsa-src\Validate\Validator.php |  [ Time : 01:23 | Date : 31.01.2015 ] 
>>System Error :: Message => 8 | ErrorNo => Undefined property: App\Assets::$post | ErrorFile => 54 | ErrorLine  => C:\xampp\htdocs\Phpframework\vendor\src\ozsa-src\App\Assets.php |  [ Time : 01:23 | Date : 31.01.2015 ] 
>>System Error :: Message => 2 | ErrorNo => strip_tags() expects parameter 1 to be string, array given | ErrorFile => 52 | ErrorLine  => C:\xampp\htdocs\Phpframework\vendor\src\ozsa-src\Validate\Validator.php |  [ Time : 01:23 | Date : 31.01.2015 ] 
>>System Error :: Message => 8 | ErrorNo => Undefined offset: 2 | ErrorFile => 75 | ErrorLine  => C:\xampp\htdocs\Phpframework\vendor\src\ozsa-src\App\App.php |  [ Time : 01:23 | Date : 31.01.2015 ] 
>>System Error :: Message => 8 | ErrorNo => Undefined property: Validator::$autoValidate | ErrorFile => 15 | ErrorLine  => C:\xampp\htdocs\Phpframework\vendor\src\ozsa-src\Validate\Validator.php |  [ Time : 01:23 | Date : 31.01.2015 ] 
>>System Error :: Message => 8 | ErrorNo => Undefined property: App\Assets::$post | ErrorFile => 54 | ErrorLine  => C:\xampp\htdocs\Phpframework\vendor\src\ozsa-src\App\Assets.php |  [ Time : 01:23 | Date : 31.01.2015 ] 
>>System Error :: Message => 2 | ErrorNo => strip_tags() expects parameter 1 to be string, array given | ErrorFile => 52 | ErrorLine  => C:\xampp\htdocs\Phpframework\vendor\src\ozsa-src\Validate\Validator.php |  [ Time : 01:23 | Date : 31.01.2015 ] 
>>System Error :: Message => 8 | ErrorNo => Undefined offset: 2 | ErrorFile => 75 | ErrorLine  => C:\xampp\htdocs\Phpframework\vendor\src\ozsa-src\App\App.php |  [ Time : 01:23 | Date : 31.01.2015 ] 
>>System Error :: Message => 8 | ErrorNo => Undefined property: Validator::$autoValidate | ErrorFile => 15 | ErrorLine  => C:\xampp\htdocs\Phpframework\vendor\src\ozsa-src\Validate\Validator.php |  [ Time : 01:23 | Date : 31.01.2015 ] 
>>System Error :: Message => 8 | ErrorNo => Undefined property: App\Assets::$post | ErrorFile => 54 | ErrorLine  => C:\xampp\htdocs\Phpframework\vendor\src\ozsa-src\App\Assets.php |  [ Time : 01:23 | Date : 31.01.2015 ] 
>>System Error :: Message => 2 | ErrorNo => strip_tags() expects parameter 1 to be string, array given | ErrorFile => 52 | ErrorLine  => C:\xampp\htdocs\Phpframework\vendor\src\ozsa-src\Validate\Validator.php |  [ Time : 01:23 | Date : 31.01.2015 ] 
>>System Error :: Message => 8 | ErrorNo => Undefined offset: 2 | ErrorFile => 75 | ErrorLine  => C:\xampp\htdocs\Phpframework\vendor\src\ozsa-src\App\App.php |  [ Time : 01:23 | Date : 31.01.2015 ] 
>>System Error :: Message => 8 | ErrorNo => Undefined property: Validator::$autoValidate | ErrorFile => 15 | ErrorLine  => C:\xampp\htdocs\Phpframework\vendor\src\ozsa-src\Validate\Validator.php |  [ Time : 01:23 | Date : 31.01.2015 ] 
>>System Error :: Message => 8 | ErrorNo => Undefined property: App\Assets::$post | ErrorFile => 54 | ErrorLine  => C:\xampp\htdocs\Phpframework\vendor\src\ozsa-src\App\Assets.php |  [ Time : 01:23 | Date : 31.01.2015 ] 
>>System Error :: Message => 2 | ErrorNo => strip_tags() expects parameter 1 to be string, array given | ErrorFile => 52 | ErrorLine  => C:\xampp\htdocs\Phpframework\vendor\src\ozsa-src\Validate\Validator.php |  [ Time : 01:23 | Date : 31.01.2015 ] 
>>System Error :: Message => 8 | ErrorNo => Undefined offset: 2 | ErrorFile => 77 | ErrorLine  => C:\xampp\htdocs\Phpframework\vendor\src\ozsa-src\App\App.php |  [ Time : 01:23 | Date : 31.01.2015 ] 
>>System Error :: Message => 8 | ErrorNo => Undefined property: Validator::$autoValidate | ErrorFile => 15 | ErrorLine  => C:\xampp\htdocs\Phpframework\vendor\src\ozsa-src\Validate\Validator.php |  [ Time : 01:23 | Date : 31.01.2015 ] 
>>System Error :: Message => 8 | ErrorNo => Undefined property: App\Assets::$post | ErrorFile => 54 | ErrorLine  => C:\xampp\htdocs\Phpframework\vendor\src\ozsa-src\App\Assets.php |  [ Time : 01:23 | Date : 31.01.2015 ] 
>>System Error :: Message => 2 | ErrorNo => strip_tags() expects parameter 1 to be string, array given | ErrorFile => 52 | ErrorLine  => C:\xampp\htdocs\Phpframework\vendor\src\ozsa-src\Validate\Validator.php |  [ Time : 01:23 | Date : 31.01.2015 ] 
>>System Error :: Message => 8 | ErrorNo => Undefined offset: 2 | ErrorFile => 77 | ErrorLine  => C:\xampp\htdocs\Phpframework\vendor\src\ozsa-src\App\App.php |  [ Time : 01:23 | Date : 31.01.2015 ] 
>>System Error :: Message => 8 | ErrorNo => Undefined property: Validator::$autoValidate | ErrorFile => 15 | ErrorLine  => C:\xampp\htdocs\Phpframework\vendor\src\ozsa-src\Validate\Validator.php |  [ Time : 01:23 | Date : 31.01.2015 ] 
>>System Error :: Message => 8 | ErrorNo => Undefined property: App\Assets::$post | ErrorFile => 54 | ErrorLine  => C:\xampp\htdocs\Phpframework\vendor\src\ozsa-src\App\Assets.php |  [ Time : 01:23 | Date : 31.01.2015 ] 
>>System Error :: Message => 2 | ErrorNo => strip_tags() expects parameter 1 to be string, array given | ErrorFile => 52 | ErrorLine  => C:\xampp\htdocs\Phpframework\vendor\src\ozsa-src\Validate\Validator.php |  [ Time : 01:23 | Date : 31.01.2015 ] 
>>System Error :: Message => 8 | ErrorNo => Undefined offset: 2 | ErrorFile => 77 | ErrorLine  => C:\xampp\htdocs\Phpframework\vendor\src\ozsa-src\App\App.php |  [ Time : 01:23 | Date : 31.01.2015 ] 
>>System Error :: Message => 8 | ErrorNo => Undefined property: Validator::$autoValidate | ErrorFile => 15 | ErrorLine  => C:\xampp\htdocs\Phpframework\vendor\src\ozsa-src\Validate\Validator.php |  [ Time : 01:23 | Date : 31.01.2015 ] 
>>System Error :: Message => 8 | ErrorNo => Undefined property: App\Assets::$post | ErrorFile => 54 | ErrorLine  => C:\xampp\htdocs\Phpframework\vendor\src\ozsa-src\App\Assets.php |  [ Time : 01:23 | Date : 31.01.2015 ] 
>>System Error :: Message => 2 | ErrorNo => strip_tags() expects parameter 1 to be string, array given | ErrorFile => 52 | ErrorLine  => C:\xampp\htdocs\Phpframework\vendor\src\ozsa-src\Validate\Validator.php |  [ Time : 01:23 | Date : 31.01.2015 ] 
>>System Error :: Message => 8 | ErrorNo => Undefined offset: 2 | ErrorFile => 78 | ErrorLine  => C:\xampp\htdocs\Phpframework\vendor\src\ozsa-src\App\App.php |  [ Time : 01:24 | Date : 31.01.2015 ] 
>>System Error :: Message => 8 | ErrorNo => Undefined property: Validator::$autoValidate | ErrorFile => 15 | ErrorLine  => C:\xampp\htdocs\Phpframework\vendor\src\ozsa-src\Validate\Validator.php |  [ Time : 01:24 | Date : 31.01.2015 ] 
>>System Error :: Message => 8 | ErrorNo => Undefined property: App\Assets::$post | ErrorFile => 54 | ErrorLine  => C:\xampp\htdocs\Phpframework\vendor\src\ozsa-src\App\Assets.php |  [ Time : 01:24 | Date : 31.01.2015 ] 
>>System Error :: Message => 2 | ErrorNo => strip_tags() expects parameter 1 to be string, array given | ErrorFile => 52 | ErrorLine  => C:\xampp\htdocs\Phpframework\vendor\src\ozsa-src\Validate\Validator.php |  [ Time : 01:24 | Date : 31.01.2015 ] 
>>System Error :: Message => 8 | ErrorNo => Undefined offset: 2 | ErrorFile => 78 | ErrorLine  => C:\xampp\htdocs\Phpframework\vendor\src\ozsa-src\App\App.php |  [ Time : 01:24 | Date : 31.01.2015 ] 
>>System Error :: Message => 8 | ErrorNo => Undefined property: Validator::$autoValidate | ErrorFile => 15 | ErrorLine  => C:\xampp\htdocs\Phpframework\vendor\src\ozsa-src\Validate\Validator.php |  [ Time : 01:24 | Date : 31.01.2015 ] 
>>System Error :: Message => 8 | ErrorNo => Undefined property: App\Assets::$post | ErrorFile => 54 | ErrorLine  => C:\xampp\htdocs\Phpframework\vendor\src\ozsa-src\App\Assets.php |  [ Time : 01:24 | Date : 31.01.2015 ] 
>>System Error :: Message => 2 | ErrorNo => strip_tags() expects parameter 1 to be string, array given | ErrorFile => 52 | ErrorLine  => C:\xampp\htdocs\Phpframework\vendor\src\ozsa-src\Validate\Validator.php |  [ Time : 01:24 | Date : 31.01.2015 ] 
>>System Error :: Message => 8 | ErrorNo => Undefined offset: 2 | ErrorFile => 78 | ErrorLine  => C:\xampp\htdocs\Phpframework\vendor\src\ozsa-src\App\App.php |  [ Time : 01:24 | Date : 31.01.2015 ] 
>>System Error :: Message => 8 | ErrorNo => Undefined property: Validator::$autoValidate | ErrorFile => 15 | ErrorLine  => C:\xampp\htdocs\Phpframework\vendor\src\ozsa-src\Validate\Validator.php |  [ Time : 01:24 | Date : 31.01.2015 ] 
>>System Error :: Message => 8 | ErrorNo => Undefined property: App\Assets::$post | ErrorFile => 54 | ErrorLine  => C:\xampp\htdocs\Phpframework\vendor\src\ozsa-src\App\Assets.php |  [ Time : 01:24 | Date : 31.01.2015 ] 
>>System Error :: Message => 2 | ErrorNo => strip_tags() expects parameter 1 to be string, array given | ErrorFile => 52 | ErrorLine  => C:\xampp\htdocs\Phpframework\vendor\src\ozsa-src\Validate\Validator.php |  [ Time : 01:24 | Date : 31.01.2015 ] 
>>System Error :: Message => 8 | ErrorNo => Undefined offset: 2 | ErrorFile => 78 | ErrorLine  => C:\xampp\htdocs\Phpframework\vendor\src\ozsa-src\App\App.php |  [ Time : 01:24 | Date : 31.01.2015 ] 
>>System Error :: Message => 8 | ErrorNo => Undefined property: Validator::$autoValidate | ErrorFile => 15 | ErrorLine  => C:\xampp\htdocs\Phpframework\vendor\src\ozsa-src\Validate\Validator.php |  [ Time : 01:24 | Date : 31.01.2015 ] 
>>System Error :: Message => 8 | ErrorNo => Undefined property: App\Assets::$post | ErrorFile => 54 | ErrorLine  => C:\xampp\htdocs\Phpframework\vendor\src\ozsa-src\App\Assets.php |  [ Time : 01:24 | Date : 31.01.2015 ] 
>>System Error :: Message => 2 | ErrorNo => strip_tags() expects parameter 1 to be string, array given | ErrorFile => 52 | ErrorLine  => C:\xampp\htdocs\Phpframework\vendor\src\ozsa-src\Validate\Validator.php |  [ Time : 01:24 | Date : 31.01.2015 ] 
>>System Error :: Message => 8 | ErrorNo => Undefined variable: params | ErrorFile => 88 | ErrorLine  => C:\xampp\htdocs\Phpframework\vendor\src\ozsa-src\App\App.php |  [ Time : 01:24 | Date : 31.01.2015 ] 
>>System Error :: Message => 8 | ErrorNo => Undefined property: Validator::$autoValidate | ErrorFile => 15 | ErrorLine  => C:\xampp\htdocs\Phpframework\vendor\src\ozsa-src\Validate\Validator.php |  [ Time : 01:24 | Date : 31.01.2015 ] 
>>System Error :: Message => 8 | ErrorNo => Undefined property: App\Assets::$post | ErrorFile => 54 | ErrorLine  => C:\xampp\htdocs\Phpframework\vendor\src\ozsa-src\App\Assets.php |  [ Time : 01:24 | Date : 31.01.2015 ] 
>>System Error :: Message => 2 | ErrorNo => strip_tags() expects parameter 1 to be string, array given | ErrorFile => 52 | ErrorLine  => C:\xampp\htdocs\Phpframework\vendor\src\ozsa-src\Validate\Validator.php |  [ Time : 01:24 | Date : 31.01.2015 ] 
>>System Error :: Message => 8 | ErrorNo => Undefined property: Validator::$autoValidate | ErrorFile => 15 | ErrorLine  => C:\xampp\htdocs\Phpframework\vendor\src\ozsa-src\Validate\Validator.php |  [ Time : 01:25 | Date : 31.01.2015 ] 
>>System Error :: Message => 8 | ErrorNo => Undefined property: App\Assets::$post | ErrorFile => 54 | ErrorLine  => C:\xampp\htdocs\Phpframework\vendor\src\ozsa-src\App\Assets.php |  [ Time : 01:25 | Date : 31.01.2015 ] 
>>System Error :: Message => 2 | ErrorNo => strip_tags() expects parameter 1 to be string, array given | ErrorFile => 52 | ErrorLine  => C:\xampp\htdocs\Phpframework\vendor\src\ozsa-src\Validate\Validator.php |  [ Time : 01:25 | Date : 31.01.2015 ] 
>>System Error :: Message => 8 | ErrorNo => Undefined property: App\Assets::$post | ErrorFile => 54 | ErrorLine  => C:\xampp\htdocs\Phpframework\vendor\src\ozsa-src\App\Assets.php |  [ Time : 01:26 | Date : 31.01.2015 ] 
>>System Error :: Message => 2 | ErrorNo => strip_tags() expects parameter 1 to be string, array given | ErrorFile => 52 | ErrorLine  => C:\xampp\htdocs\Phpframework\vendor\src\ozsa-src\Validate\Validator.php |  [ Time : 01:26 | Date : 31.01.2015 ] 
>>System Error :: Message => 2 | ErrorNo => strip_tags() expects parameter 1 to be string, array given | ErrorFile => 52 | ErrorLine  => C:\xampp\htdocs\Phpframework\vendor\src\ozsa-src\Validate\Validator.php |  [ Time : 01:27 | Date : 31.01.2015 ] 
>>System Error :: Message => 2 | ErrorNo => strip_tags() expects parameter 1 to be string, array given | ErrorFile => 53 | ErrorLine  => C:\xampp\htdocs\Phpframework\vendor\src\ozsa-src\Validate\Validator.php |  [ Time : 01:27 | Date : 31.01.2015 ] 
>>System Error :: Message => 2 | ErrorNo => strip_tags() expects parameter 1 to be string, array given | ErrorFile => 60 | ErrorLine  => C:\xampp\htdocs\Phpframework\vendor\src\ozsa-src\Validate\Validator.php |  [ Time : 01:33 | Date : 31.01.2015 ] 
>>System Error :: Message => 2 | ErrorNo => strip_tags() expects parameter 1 to be string, array given | ErrorFile => 60 | ErrorLine  => C:\xampp\htdocs\Phpframework\vendor\src\ozsa-src\Validate\Validator.php |  [ Time : 01:33 | Date : 31.01.2015 ] 
>>System Error :: Message => 2 | ErrorNo => strip_tags() expects parameter 1 to be string, array given | ErrorFile => 60 | ErrorLine  => C:\xampp\htdocs\Phpframework\vendor\src\ozsa-src\Validate\Validator.php |  [ Time : 01:33 | Date : 31.01.2015 ] 
>>System Error :: Message => 2 | ErrorNo => strip_tags() expects parameter 1 to be string, array given | ErrorFile => 60 | ErrorLine  => C:\xampp\htdocs\Phpframework\vendor\src\ozsa-src\Validate\Validator.php |  [ Time : 01:33 | Date : 31.01.2015 ] 
>>System Error :: Message => 2 | ErrorNo => strip_tags() expects parameter 1 to be string, array given | ErrorFile => 60 | ErrorLine  => C:\xampp\htdocs\Phpframework\vendor\src\ozsa-src\Validate\Validator.php |  [ Time : 01:33 | Date : 31.01.2015 ] 
>>System Error :: Message => 2 | ErrorNo => strip_tags() expects parameter 1 to be string, array given | ErrorFile => 61 | ErrorLine  => C:\xampp\htdocs\Phpframework\vendor\src\ozsa-src\Validate\Validator.php |  [ Time : 01:33 | Date : 31.01.2015 ] 
>>System Error :: Message => 2 | ErrorNo => strip_tags() expects parameter 1 to be string, array given | ErrorFile => 62 | ErrorLine  => C:\xampp\htdocs\Phpframework\vendor\src\ozsa-src\Validate\Validator.php |  [ Time : 14:27 | Date : 31.01.2015 ] 
>>System Error :: Message => 4096 | ErrorNo => Argument 1 passed to ORM::liker() must be of the type array, null given, called in C:\xampp\htdocs\Phpframework\vendor\src\ozsa-src\orm\orm.php on line 160 and defined | ErrorFile => 110 | ErrorLine  => C:\xampp\htdocs\Phpframework\vendor\src\ozsa-src\orm\orm.php |  [ Time : 18:37 | Date : 31.01.2015 ] 
>>System Error :: Message => 8 | ErrorNo => Undefined index: post | ErrorFile => 132 | ErrorLine  => C:\xampp\htdocs\Phpframework\vendor\src\ozsa-src\orm\orm.php |  [ Time : 18:47 | Date : 31.01.2015 ] 
>>System Error :: Message => 8 | ErrorNo => Undefined offset: 0 | ErrorFile => 123 | ErrorLine  => C:\xampp\htdocs\Phpframework\vendor\src\ozsa-src\orm\orm.php |  [ Time : 18:54 | Date : 31.01.2015 ] 
>>System Error :: Message => 8 | ErrorNo => Undefined offset: 0 | ErrorFile => 123 | ErrorLine  => C:\xampp\htdocs\Phpframework\vendor\src\ozsa-src\orm\orm.php |  [ Time : 18:54 | Date : 31.01.2015 ] 
>>System Error :: Message => 8 | ErrorNo => Undefined offset: 0 | ErrorFile => 123 | ErrorLine  => C:\xampp\htdocs\Phpframework\vendor\src\ozsa-src\orm\orm.php |  [ Time : 18:54 | Date : 31.01.2015 ] 
>>System Error :: Message => 4096 | ErrorNo => Argument 1 passed to ORM::mixer() must be of the type array, null given, called in C:\xampp\htdocs\Phpframework\vendor\src\ozsa-src\orm\orm.php on line 148 and defined | ErrorFile => 99 | ErrorLine  => C:\xampp\htdocs\Phpframework\vendor\src\ozsa-src\orm\orm.php |  [ Time : 19:03 | Date : 31.01.2015 ] 
>>System Error :: Message => 2 | ErrorNo => Invalid argument supplied for foreach() | ErrorFile => 103 | ErrorLine  => C:\xampp\htdocs\Phpframework\vendor\src\ozsa-src\orm\orm.php |  [ Time : 19:03 | Date : 31.01.2015 ] 
>>System Error :: Message => 4096 | ErrorNo => Argument 1 passed to ORM::mixer() must be of the type array, null given, called in C:\xampp\htdocs\Phpframework\vendor\src\ozsa-src\orm\orm.php on line 149 and defined | ErrorFile => 99 | ErrorLine  => C:\xampp\htdocs\Phpframework\vendor\src\ozsa-src\orm\orm.php |  [ Time : 19:04 | Date : 31.01.2015 ] 
>>System Error :: Message => 2 | ErrorNo => Invalid argument supplied for foreach() | ErrorFile => 103 | ErrorLine  => C:\xampp\htdocs\Phpframework\vendor\src\ozsa-src\orm\orm.php |  [ Time : 19:04 | Date : 31.01.2015 ] 
>>System Error :: Message => 4096 | ErrorNo => Argument 1 passed to ORM::mixer() must be of the type array, null given, called in C:\xampp\htdocs\Phpframework\vendor\src\ozsa-src\orm\orm.php on line 149 and defined | ErrorFile => 99 | ErrorLine  => C:\xampp\htdocs\Phpframework\vendor\src\ozsa-src\orm\orm.php |  [ Time : 19:04 | Date : 31.01.2015 ] 
>>System Error :: Message => 2 | ErrorNo => Invalid argument supplied for foreach() | ErrorFile => 103 | ErrorLine  => C:\xampp\htdocs\Phpframework\vendor\src\ozsa-src\orm\orm.php |  [ Time : 19:04 | Date : 31.01.2015 ] 
>>System Error :: Message => 4096 | ErrorNo => Argument 1 passed to ORM::mixer() must be of the type array, null given, called in C:\xampp\htdocs\Phpframework\vendor\src\ozsa-src\orm\orm.php on line 150 and defined | ErrorFile => 100 | ErrorLine  => C:\xampp\htdocs\Phpframework\vendor\src\ozsa-src\orm\orm.php |  [ Time : 19:04 | Date : 31.01.2015 ] 
>>System Error :: Message => 2 | ErrorNo => Invalid argument supplied for foreach() | ErrorFile => 104 | ErrorLine  => C:\xampp\htdocs\Phpframework\vendor\src\ozsa-src\orm\orm.php |  [ Time : 19:04 | Date : 31.01.2015 ] 
>>System Error :: Message => 4096 | ErrorNo => Argument 1 passed to ORM::mixer() must be of the type array, null given, called in C:\xampp\htdocs\Phpframework\vendor\src\ozsa-src\orm\orm.php on line 151 and defined | ErrorFile => 101 | ErrorLine  => C:\xampp\htdocs\Phpframework\vendor\src\ozsa-src\orm\orm.php |  [ Time : 19:05 | Date : 31.01.2015 ] 
>>System Error :: Message => 2 | ErrorNo => Invalid argument supplied for foreach() | ErrorFile => 105 | ErrorLine  => C:\xampp\htdocs\Phpframework\vendor\src\ozsa-src\orm\orm.php |  [ Time : 19:05 | Date : 31.01.2015 ] 
>>System Error :: Message => 4096 | ErrorNo => Argument 1 passed to ORM::mixer() must be of the type array, null given, called in C:\xampp\htdocs\Phpframework\vendor\src\ozsa-src\orm\orm.php on line 151 and defined | ErrorFile => 101 | ErrorLine  => C:\xampp\htdocs\Phpframework\vendor\src\ozsa-src\orm\orm.php |  [ Time : 19:05 | Date : 31.01.2015 ] 
>>System Error :: Message => 2 | ErrorNo => Invalid argument supplied for foreach() | ErrorFile => 105 | ErrorLine  => C:\xampp\htdocs\Phpframework\vendor\src\ozsa-src\orm\orm.php |  [ Time : 19:05 | Date : 31.01.2015 ] 
>>System Error :: Message => 4096 | ErrorNo => Argument 1 passed to ORM::mixer() must be of the type array, null given, called in C:\xampp\htdocs\Phpframework\vendor\src\ozsa-src\orm\orm.php on line 151 and defined | ErrorFile => 101 | ErrorLine  => C:\xampp\htdocs\Phpframework\vendor\src\ozsa-src\orm\orm.php |  [ Time : 19:05 | Date : 31.01.2015 ] 
>>System Error :: Message => 2 | ErrorNo => Invalid argument supplied for foreach() | ErrorFile => 105 | ErrorLine  => C:\xampp\htdocs\Phpframework\vendor\src\ozsa-src\orm\orm.php |  [ Time : 19:05 | Date : 31.01.2015 ] 
>>System Error :: Message => 4096 | ErrorNo => Argument 1 passed to ORM::mixer() must be of the type array, null given, called in C:\xampp\htdocs\Phpframework\vendor\src\ozsa-src\orm\orm.php on line 151 and defined | ErrorFile => 101 | ErrorLine  => C:\xampp\htdocs\Phpframework\vendor\src\ozsa-src\orm\orm.php |  [ Time : 19:05 | Date : 31.01.2015 ] 
>>System Error :: Message => 2 | ErrorNo => Invalid argument supplied for foreach() | ErrorFile => 105 | ErrorLine  => C:\xampp\htdocs\Phpframework\vendor\src\ozsa-src\orm\orm.php |  [ Time : 19:05 | Date : 31.01.2015 ] 
>>System Error :: Message => 4096 | ErrorNo => Argument 1 passed to ORM::mixer() must be of the type array, null given, called in C:\xampp\htdocs\Phpframework\vendor\src\ozsa-src\orm\orm.php on line 151 and defined | ErrorFile => 101 | ErrorLine  => C:\xampp\htdocs\Phpframework\vendor\src\ozsa-src\orm\orm.php |  [ Time : 19:05 | Date : 31.01.2015 ] 
>>System Error :: Message => 2 | ErrorNo => Invalid argument supplied for foreach() | ErrorFile => 105 | ErrorLine  => C:\xampp\htdocs\Phpframework\vendor\src\ozsa-src\orm\orm.php |  [ Time : 19:05 | Date : 31.01.2015 ] 
>>System Error :: Message => 8 | ErrorNo => Array to string conversion | ErrorFile => 108 | ErrorLine  => C:\xampp\htdocs\Phpframework\vendor\src\ozsa-src\orm\orm.php |  [ Time : 19:10 | Date : 31.01.2015 ] 
>>System Error :: Message => 8 | ErrorNo => Array to string conversion | ErrorFile => 108 | ErrorLine  => C:\xampp\htdocs\Phpframework\vendor\src\ozsa-src\orm\orm.php |  [ Time : 19:10 | Date : 31.01.2015 ] 
>>System Error :: Message => 2 | ErrorNo => Invalid argument supplied for foreach() | ErrorFile => 108 | ErrorLine  => C:\xampp\htdocs\Phpframework\vendor\src\ozsa-src\orm\orm.php |  [ Time : 19:26 | Date : 31.01.2015 ] 
>>System Error :: Message => 2 | ErrorNo => Invalid argument supplied for foreach() | ErrorFile => 108 | ErrorLine  => C:\xampp\htdocs\Phpframework\vendor\src\ozsa-src\orm\orm.php |  [ Time : 19:40 | Date : 31.01.2015 ] 
>>System Error :: Message => 2 | ErrorNo => Invalid argument supplied for foreach() | ErrorFile => 108 | ErrorLine  => C:\xampp\htdocs\Phpframework\vendor\src\ozsa-src\orm\orm.php |  [ Time : 19:40 | Date : 31.01.2015 ] 
>>System Error :: Message => 2 | ErrorNo => Invalid argument supplied for foreach() | ErrorFile => 109 | ErrorLine  => C:\xampp\htdocs\Phpframework\vendor\src\ozsa-src\orm\orm.php |  [ Time : 19:40 | Date : 31.01.2015 ] 
>>System Error :: Message => 2 | ErrorNo => Invalid argument supplied for foreach() | ErrorFile => 109 | ErrorLine  => C:\xampp\htdocs\Phpframework\vendor\src\ozsa-src\orm\orm.php |  [ Time : 19:40 | Date : 31.01.2015 ] 
>>System Error :: Message => 8 | ErrorNo => Undefined property: ORM::$select | ErrorFile => 202 | ErrorLine  => C:\xampp\htdocs\Phpframework\vendor\src\ozsa-src\orm\orm.php |  [ Time : 20:26 | Date : 31.01.2015 ] 
>>System Error :: Message => 8 | ErrorNo => Undefined offset: 2 | ErrorFile => 149 | ErrorLine  => C:\xampp\htdocs\Phpframework\vendor\src\ozsa-src\orm\orm.php |  [ Time : 20:26 | Date : 31.01.2015 ] 
>>System Error :: Message => 4096 | ErrorNo => Argument 1 passed to ORM::selecter() must be of the type array, string given, called in C:\xampp\htdocs\Phpframework\vendor\src\ozsa-src\orm\orm.php on line 231 and defined | ErrorFile => 161 | ErrorLine  => C:\xampp\htdocs\Phpframework\vendor\src\ozsa-src\orm\orm.php |  [ Time : 20:26 | Date : 31.01.2015 ] 
>>System Error :: Message => 2 | ErrorNo => Invalid argument supplied for foreach() | ErrorFile => 164 | ErrorLine  => C:\xampp\htdocs\Phpframework\vendor\src\ozsa-src\orm\orm.php |  [ Time : 20:26 | Date : 31.01.2015 ] 
>>System Error :: Message => 4096 | ErrorNo => Argument 1 passed to ORM::selecter() must be of the type array, string given, called in C:\xampp\htdocs\Phpframework\vendor\src\ozsa-src\orm\orm.php on line 241 and defined | ErrorFile => 161 | ErrorLine  => C:\xampp\htdocs\Phpframework\vendor\src\ozsa-src\orm\orm.php |  [ Time : 20:26 | Date : 31.01.2015 ] 
>>System Error :: Message => 2 | ErrorNo => Invalid argument supplied for foreach() | ErrorFile => 164 | ErrorLine  => C:\xampp\htdocs\Phpframework\vendor\src\ozsa-src\orm\orm.php |  [ Time : 20:26 | Date : 31.01.2015 ] 
>>System Error :: Message => 8 | ErrorNo => Undefined offset: 2 | ErrorFile => 149 | ErrorLine  => C:\xampp\htdocs\Phpframework\vendor\src\ozsa-src\orm\orm.php |  [ Time : 20:26 | Date : 31.01.2015 ] 
>>System Error :: Message => 4096 | ErrorNo => Argument 1 passed to ORM::selecter() must be of the type array, string given, called in C:\xampp\htdocs\Phpframework\vendor\src\ozsa-src\orm\orm.php on line 230 and defined | ErrorFile => 161 | ErrorLine  => C:\xampp\htdocs\Phpframework\vendor\src\ozsa-src\orm\orm.php |  [ Time : 20:26 | Date : 31.01.2015 ] 
>>System Error :: Message => 2 | ErrorNo => Invalid argument supplied for foreach() | ErrorFile => 164 | ErrorLine  => C:\xampp\htdocs\Phpframework\vendor\src\ozsa-src\orm\orm.php |  [ Time : 20:26 | Date : 31.01.2015 ] 
>>System Error :: Message => 4096 | ErrorNo => Argument 1 passed to ORM::selecter() must be of the type array, string given, called in C:\xampp\htdocs\Phpframework\vendor\src\ozsa-src\orm\orm.php on line 240 and defined | ErrorFile => 161 | ErrorLine  => C:\xampp\htdocs\Phpframework\vendor\src\ozsa-src\orm\orm.php |  [ Time : 20:26 | Date : 31.01.2015 ] 
>>System Error :: Message => 2 | ErrorNo => Invalid argument supplied for foreach() | ErrorFile => 164 | ErrorLine  => C:\xampp\htdocs\Phpframework\vendor\src\ozsa-src\orm\orm.php |  [ Time : 20:26 | Date : 31.01.2015 ] 
>>System Error :: Message => 4096 | ErrorNo => Argument 1 passed to ORM::selecter() must be of the type array, string given, called in C:\xampp\htdocs\Phpframework\vendor\src\ozsa-src\orm\orm.php on line 230 and defined | ErrorFile => 161 | ErrorLine  => C:\xampp\htdocs\Phpframework\vendor\src\ozsa-src\orm\orm.php |  [ Time : 20:26 | Date : 31.01.2015 ] 
>>System Error :: Message => 2 | ErrorNo => Invalid argument supplied for foreach() | ErrorFile => 164 | ErrorLine  => C:\xampp\htdocs\Phpframework\vendor\src\ozsa-src\orm\orm.php |  [ Time : 20:26 | Date : 31.01.2015 ] 
>>System Error :: Message => 4096 | ErrorNo => Argument 1 passed to ORM::selecter() must be of the type array, string given, called in C:\xampp\htdocs\Phpframework\vendor\src\ozsa-src\orm\orm.php on line 240 and defined | ErrorFile => 161 | ErrorLine  => C:\xampp\htdocs\Phpframework\vendor\src\ozsa-src\orm\orm.php |  [ Time : 20:26 | Date : 31.01.2015 ] 
>>System Error :: Message => 2 | ErrorNo => Invalid argument supplied for foreach() | ErrorFile => 164 | ErrorLine  => C:\xampp\htdocs\Phpframework\vendor\src\ozsa-src\orm\orm.php |  [ Time : 20:26 | Date : 31.01.2015 ] 
>>System Error :: Message => 4096 | ErrorNo => Argument 1 passed to ORM::selecter() must be of the type array, string given, called in C:\xampp\htdocs\Phpframework\vendor\src\ozsa-src\orm\orm.php on line 231 and defined | ErrorFile => 161 | ErrorLine  => C:\xampp\htdocs\Phpframework\vendor\src\ozsa-src\orm\orm.php |  [ Time : 20:27 | Date : 31.01.2015 ] 
>>System Error :: Message => 2 | ErrorNo => Invalid argument supplied for foreach() | ErrorFile => 165 | ErrorLine  => C:\xampp\htdocs\Phpframework\vendor\src\ozsa-src\orm\orm.php |  [ Time : 20:27 | Date : 31.01.2015 ] 
>>System Error :: Message => 4096 | ErrorNo => Argument 1 passed to ORM::selecter() must be of the type array, string given, called in C:\xampp\htdocs\Phpframework\vendor\src\ozsa-src\orm\orm.php on line 241 and defined | ErrorFile => 161 | ErrorLine  => C:\xampp\htdocs\Phpframework\vendor\src\ozsa-src\orm\orm.php |  [ Time : 20:27 | Date : 31.01.2015 ] 
>>System Error :: Message => 2 | ErrorNo => Invalid argument supplied for foreach() | ErrorFile => 165 | ErrorLine  => C:\xampp\htdocs\Phpframework\vendor\src\ozsa-src\orm\orm.php |  [ Time : 20:27 | Date : 31.01.2015 ] 
>>System Error :: Message => 4096 | ErrorNo => Argument 1 passed to ORM::selecter() must be of the type array, string given, called in C:\xampp\htdocs\Phpframework\vendor\src\ozsa-src\orm\orm.php on line 231 and defined | ErrorFile => 161 | ErrorLine  => C:\xampp\htdocs\Phpframework\vendor\src\ozsa-src\orm\orm.php |  [ Time : 20:27 | Date : 31.01.2015 ] 
>>System Error :: Message => 2 | ErrorNo => Invalid argument supplied for foreach() | ErrorFile => 165 | ErrorLine  => C:\xampp\htdocs\Phpframework\vendor\src\ozsa-src\orm\orm.php |  [ Time : 20:27 | Date : 31.01.2015 ] 
>>System Error :: Message => 4096 | ErrorNo => Argument 1 passed to ORM::selecter() must be of the type array, string given, called in C:\xampp\htdocs\Phpframework\vendor\src\ozsa-src\orm\orm.php on line 241 and defined | ErrorFile => 161 | ErrorLine  => C:\xampp\htdocs\Phpframework\vendor\src\ozsa-src\orm\orm.php |  [ Time : 20:27 | Date : 31.01.2015 ] 
>>System Error :: Message => 2 | ErrorNo => Invalid argument supplied for foreach() | ErrorFile => 165 | ErrorLine  => C:\xampp\htdocs\Phpframework\vendor\src\ozsa-src\orm\orm.php |  [ Time : 20:27 | Date : 31.01.2015 ] 
>>System Error :: Message => 4096 | ErrorNo => Argument 1 passed to ORM::selecter() must be of the type array, string given, called in C:\xampp\htdocs\Phpframework\vendor\src\ozsa-src\orm\orm.php on line 231 and defined | ErrorFile => 161 | ErrorLine  => C:\xampp\htdocs\Phpframework\vendor\src\ozsa-src\orm\orm.php |  [ Time : 20:28 | Date : 31.01.2015 ] 
>>System Error :: Message => 2 | ErrorNo => Invalid argument supplied for foreach() | ErrorFile => 165 | ErrorLine  => C:\xampp\htdocs\Phpframework\vendor\src\ozsa-src\orm\orm.php |  [ Time : 20:28 | Date : 31.01.2015 ] 
>>System Error :: Message => 4096 | ErrorNo => Argument 1 passed to ORM::selecter() must be of the type array, string given, called in C:\xampp\htdocs\Phpframework\vendor\src\ozsa-src\orm\orm.php on line 241 and defined | ErrorFile => 161 | ErrorLine  => C:\xampp\htdocs\Phpframework\vendor\src\ozsa-src\orm\orm.php |  [ Time : 20:28 | Date : 31.01.2015 ] 
>>System Error :: Message => 2 | ErrorNo => Invalid argument supplied for foreach() | ErrorFile => 165 | ErrorLine  => C:\xampp\htdocs\Phpframework\vendor\src\ozsa-src\orm\orm.php |  [ Time : 20:28 | Date : 31.01.2015 ] 
>>System Error :: Message => 4096 | ErrorNo => Argument 1 passed to ORM::selecter() must be of the type array, string given, called in C:\xampp\htdocs\Phpframework\vendor\src\ozsa-src\orm\orm.php on line 231 and defined | ErrorFile => 161 | ErrorLine  => C:\xampp\htdocs\Phpframework\vendor\src\ozsa-src\orm\orm.php |  [ Time : 20:28 | Date : 31.01.2015 ] 
>>System Error :: Message => 2 | ErrorNo => Invalid argument supplied for foreach() | ErrorFile => 165 | ErrorLine  => C:\xampp\htdocs\Phpframework\vendor\src\ozsa-src\orm\orm.php |  [ Time : 20:28 | Date : 31.01.2015 ] 
>>System Error :: Message => 4096 | ErrorNo => Argument 1 passed to ORM::selecter() must be of the type array, string given, called in C:\xampp\htdocs\Phpframework\vendor\src\ozsa-src\orm\orm.php on line 241 and defined | ErrorFile => 161 | ErrorLine  => C:\xampp\htdocs\Phpframework\vendor\src\ozsa-src\orm\orm.php |  [ Time : 20:28 | Date : 31.01.2015 ] 
>>System Error :: Message => 2 | ErrorNo => Invalid argument supplied for foreach() | ErrorFile => 165 | ErrorLine  => C:\xampp\htdocs\Phpframework\vendor\src\ozsa-src\orm\orm.php |  [ Time : 20:28 | Date : 31.01.2015 ] 
>>System Error :: Message => 4096 | ErrorNo => Argument 1 passed to ORM::selecter() must be of the type array, string given, called in C:\xampp\htdocs\Phpframework\vendor\src\ozsa-src\orm\orm.php on line 231 and defined | ErrorFile => 161 | ErrorLine  => C:\xampp\htdocs\Phpframework\vendor\src\ozsa-src\orm\orm.php |  [ Time : 20:28 | Date : 31.01.2015 ] 
>>System Error :: Message => 2 | ErrorNo => Invalid argument supplied for foreach() | ErrorFile => 165 | ErrorLine  => C:\xampp\htdocs\Phpframework\vendor\src\ozsa-src\orm\orm.php |  [ Time : 20:28 | Date : 31.01.2015 ] 
>>System Error :: Message => 4096 | ErrorNo => Argument 1 passed to ORM::selecter() must be of the type array, string given, called in C:\xampp\htdocs\Phpframework\vendor\src\ozsa-src\orm\orm.php on line 241 and defined | ErrorFile => 161 | ErrorLine  => C:\xampp\htdocs\Phpframework\vendor\src\ozsa-src\orm\orm.php |  [ Time : 20:28 | Date : 31.01.2015 ] 
>>System Error :: Message => 2 | ErrorNo => Invalid argument supplied for foreach() | ErrorFile => 165 | ErrorLine  => C:\xampp\htdocs\Phpframework\vendor\src\ozsa-src\orm\orm.php |  [ Time : 20:28 | Date : 31.01.2015 ] 
>>System Error :: Message => 8 | ErrorNo => Undefined offset: 0 | ErrorFile => 92 | ErrorLine  => C:\xampp\htdocs\Phpframework\vendor\src\ozsa-src\orm\orm.php |  [ Time : 20:52 | Date : 31.01.2015 ] 
>>System Error :: Message => 8 | ErrorNo => Undefined offset: 0 | ErrorFile => 92 | ErrorLine  => C:\xampp\htdocs\Phpframework\vendor\src\ozsa-src\orm\orm.php |  [ Time : 20:52 | Date : 31.01.2015 ] 
>>System Error :: Message => 2 | ErrorNo => call_user_func_array() expects parameter 1 to be a valid callback, class 'PDO' does not have a method 'fetch' | ErrorFile => 52 | ErrorLine  => C:\xampp\htdocs\Phpframework\vendor\src\ozsa-src\multidb\db.php |  [ Time : 21:39 | Date : 31.01.2015 ] 
>>System Error :: Message => 2 | ErrorNo => PDO::query() expects parameter 1 to be string, object given | ErrorFile => 289 | ErrorLine  => C:\xampp\htdocs\Phpframework\vendor\src\ozsa-src\orm\orm.php |  [ Time : 21:50 | Date : 31.01.2015 ] 
>>System Error :: Message => 2 | ErrorNo => PDO::query() expects parameter 1 to be string, object given | ErrorFile => 289 | ErrorLine  => C:\xampp\htdocs\Phpframework\vendor\src\ozsa-src\orm\orm.php |  [ Time : 21:50 | Date : 31.01.2015 ] 
>>System Error :: Message => 2 | ErrorNo => Missing argument 2 for index::oku() | ErrorFile => 8 | ErrorLine  => C:\xampp\htdocs\Phpframework\app\Controller\index.php |  [ Time : 22:51 | Date : 31.01.2015 ] 
>>System Error :: Message => 8 | ErrorNo => Array to string conversion | ErrorFile => 10 | ErrorLine  => C:\xampp\htdocs\Phpframework\app\Controller\index.php |  [ Time : 22:51 | Date : 31.01.2015 ] 
>>System Error :: Message => 8 | ErrorNo => Undefined variable: self | ErrorFile => 10 | ErrorLine  => C:\xampp\htdocs\Phpframework\app\Controller\index.php |  [ Time : 22:51 | Date : 31.01.2015 ] 
>>System Error :: Message => 2 | ErrorNo => Missing argument 2 for index::oku() | ErrorFile => 8 | ErrorLine  => C:\xampp\htdocs\Phpframework\app\Controller\index.php |  [ Time : 22:52 | Date : 31.01.2015 ] 
>>System Error :: Message => 8 | ErrorNo => Array to string conversion | ErrorFile => 10 | ErrorLine  => C:\xampp\htdocs\Phpframework\app\Controller\index.php |  [ Time : 22:52 | Date : 31.01.2015 ] 
>>System Error :: Message => 8 | ErrorNo => Undefined variable: self | ErrorFile => 10 | ErrorLine  => C:\xampp\htdocs\Phpframework\app\Controller\index.php |  [ Time : 22:52 | Date : 31.01.2015 ] 
>>System Error :: Message => 2 | ErrorNo => Missing argument 2 for index::oku() | ErrorFile => 8 | ErrorLine  => C:\xampp\htdocs\Phpframework\app\Controller\index.php |  [ Time : 22:52 | Date : 31.01.2015 ] 
>>System Error :: Message => 8 | ErrorNo => Array to string conversion | ErrorFile => 11 | ErrorLine  => C:\xampp\htdocs\Phpframework\app\Controller\index.php |  [ Time : 22:52 | Date : 31.01.2015 ] 
>>System Error :: Message => 8 | ErrorNo => Undefined variable: self | ErrorFile => 11 | ErrorLine  => C:\xampp\htdocs\Phpframework\app\Controller\index.php |  [ Time : 22:52 | Date : 31.01.2015 ] 
>>System Error :: Message => 2 | ErrorNo => Illegal offset type | ErrorFile => 47 | ErrorLine  => C:\xampp\htdocs\Phpframework\vendor\src\ozsa-src\App\Router.php |  [ Time : 00:36 | Date : 01.02.2015 ] 
>>System Error :: Message => 2 | ErrorNo => Illegal offset type | ErrorFile => 47 | ErrorLine  => C:\xampp\htdocs\Phpframework\vendor\src\ozsa-src\App\Router.php |  [ Time : 00:36 | Date : 01.02.2015 ] 
>>System Error :: Message => 8 | ErrorNo => Undefined index: template | ErrorFile => 56 | ErrorLine  => C:\xampp\htdocs\Phpframework\vendor\src\ozsa-src\App\Router.php |  [ Time : 00:36 | Date : 01.02.2015 ] 
>>System Error :: Message => 2 | ErrorNo => Illegal offset type | ErrorFile => 47 | ErrorLine  => C:\xampp\htdocs\Phpframework\vendor\src\ozsa-src\App\Router.php |  [ Time : 00:36 | Date : 01.02.2015 ] 
>>System Error :: Message => 2 | ErrorNo => Illegal offset type | ErrorFile => 47 | ErrorLine  => C:\xampp\htdocs\Phpframework\vendor\src\ozsa-src\App\Router.php |  [ Time : 00:36 | Date : 01.02.2015 ] 
>>System Error :: Message => 8 | ErrorNo => Undefined index: template | ErrorFile => 56 | ErrorLine  => C:\xampp\htdocs\Phpframework\vendor\src\ozsa-src\App\Router.php |  [ Time : 00:36 | Date : 01.02.2015 ] 
>>System Error :: Message => 2 | ErrorNo => Illegal offset type | ErrorFile => 47 | ErrorLine  => C:\xampp\htdocs\Phpframework\vendor\src\ozsa-src\App\Router.php |  [ Time : 00:36 | Date : 01.02.2015 ] 
>>System Error :: Message => 2 | ErrorNo => Illegal offset type | ErrorFile => 47 | ErrorLine  => C:\xampp\htdocs\Phpframework\vendor\src\ozsa-src\App\Router.php |  [ Time : 00:36 | Date : 01.02.2015 ] 
>>System Error :: Message => 8 | ErrorNo => Undefined index: template | ErrorFile => 56 | ErrorLine  => C:\xampp\htdocs\Phpframework\vendor\src\ozsa-src\App\Router.php |  [ Time : 00:36 | Date : 01.02.2015 ] 
>>System Error :: Message => 2 | ErrorNo => Illegal offset type | ErrorFile => 47 | ErrorLine  => C:\xampp\htdocs\Phpframework\vendor\src\ozsa-src\App\Router.php |  [ Time : 00:36 | Date : 01.02.2015 ] 
>>System Error :: Message => 2 | ErrorNo => Illegal offset type | ErrorFile => 47 | ErrorLine  => C:\xampp\htdocs\Phpframework\vendor\src\ozsa-src\App\Router.php |  [ Time : 00:36 | Date : 01.02.2015 ] 
>>System Error :: Message => 8 | ErrorNo => Undefined index: template | ErrorFile => 56 | ErrorLine  => C:\xampp\htdocs\Phpframework\vendor\src\ozsa-src\App\Router.php |  [ Time : 00:36 | Date : 01.02.2015 ] 
>>System Error :: Message => 2 | ErrorNo => Illegal offset type | ErrorFile => 47 | ErrorLine  => C:\xampp\htdocs\Phpframework\vendor\src\ozsa-src\App\Router.php |  [ Time : 00:36 | Date : 01.02.2015 ] 
>>System Error :: Message => 2 | ErrorNo => Illegal offset type | ErrorFile => 47 | ErrorLine  => C:\xampp\htdocs\Phpframework\vendor\src\ozsa-src\App\Router.php |  [ Time : 00:36 | Date : 01.02.2015 ] 
>>System Error :: Message => 8 | ErrorNo => Undefined index: template | ErrorFile => 56 | ErrorLine  => C:\xampp\htdocs\Phpframework\vendor\src\ozsa-src\App\Router.php |  [ Time : 00:36 | Date : 01.02.2015 ] 
>>System Error :: Message => 2 | ErrorNo => Illegal offset type | ErrorFile => 47 | ErrorLine  => C:\xampp\htdocs\Phpframework\vendor\src\ozsa-src\App\Router.php |  [ Time : 00:36 | Date : 01.02.2015 ] 
>>System Error :: Message => 2 | ErrorNo => Illegal offset type | ErrorFile => 47 | ErrorLine  => C:\xampp\htdocs\Phpframework\vendor\src\ozsa-src\App\Router.php |  [ Time : 00:36 | Date : 01.02.2015 ] 
>>System Error :: Message => 8 | ErrorNo => Undefined index: template | ErrorFile => 56 | ErrorLine  => C:\xampp\htdocs\Phpframework\vendor\src\ozsa-src\App\Router.php |  [ Time : 00:36 | Date : 01.02.2015 ] 
>>System Error :: Message => 2 | ErrorNo => Illegal offset type | ErrorFile => 47 | ErrorLine  => C:\xampp\htdocs\Phpframework\vendor\src\ozsa-src\App\Router.php |  [ Time : 00:36 | Date : 01.02.2015 ] 
>>System Error :: Message => 2 | ErrorNo => Illegal offset type | ErrorFile => 47 | ErrorLine  => C:\xampp\htdocs\Phpframework\vendor\src\ozsa-src\App\Router.php |  [ Time : 00:36 | Date : 01.02.2015 ] 
>>System Error :: Message => 8 | ErrorNo => Undefined index: template | ErrorFile => 56 | ErrorLine  => C:\xampp\htdocs\Phpframework\vendor\src\ozsa-src\App\Router.php |  [ Time : 00:36 | Date : 01.02.2015 ] 
>>System Error :: Message => 2 | ErrorNo => Illegal offset type | ErrorFile => 47 | ErrorLine  => C:\xampp\htdocs\Phpframework\vendor\src\ozsa-src\App\Router.php |  [ Time : 00:37 | Date : 01.02.2015 ] 
>>System Error :: Message => 2 | ErrorNo => Illegal offset type | ErrorFile => 47 | ErrorLine  => C:\xampp\htdocs\Phpframework\vendor\src\ozsa-src\App\Router.php |  [ Time : 00:37 | Date : 01.02.2015 ] 
>>System Error :: Message => 8 | ErrorNo => Undefined index: template | ErrorFile => 56 | ErrorLine  => C:\xampp\htdocs\Phpframework\vendor\src\ozsa-src\App\Router.php |  [ Time : 00:37 | Date : 01.02.2015 ] 
>>System Error :: Message => 2 | ErrorNo => Illegal offset type | ErrorFile => 47 | ErrorLine  => C:\xampp\htdocs\Phpframework\vendor\src\ozsa-src\App\Router.php |  [ Time : 00:37 | Date : 01.02.2015 ] 
>>System Error :: Message => 2 | ErrorNo => Illegal offset type | ErrorFile => 47 | ErrorLine  => C:\xampp\htdocs\Phpframework\vendor\src\ozsa-src\App\Router.php |  [ Time : 00:37 | Date : 01.02.2015 ] 
>>System Error :: Message => 8 | ErrorNo => Undefined index: template | ErrorFile => 56 | ErrorLine  => C:\xampp\htdocs\Phpframework\vendor\src\ozsa-src\App\Router.php |  [ Time : 00:37 | Date : 01.02.2015 ] 
>>System Error :: Message => 2 | ErrorNo => Illegal offset type | ErrorFile => 47 | ErrorLine  => C:\xampp\htdocs\Phpframework\vendor\src\ozsa-src\App\Router.php |  [ Time : 00:37 | Date : 01.02.2015 ] 
>>System Error :: Message => 2 | ErrorNo => Illegal offset type | ErrorFile => 47 | ErrorLine  => C:\xampp\htdocs\Phpframework\vendor\src\ozsa-src\App\Router.php |  [ Time : 00:37 | Date : 01.02.2015 ] 
>>System Error :: Message => 8 | ErrorNo => Undefined index: template | ErrorFile => 56 | ErrorLine  => C:\xampp\htdocs\Phpframework\vendor\src\ozsa-src\App\Router.php |  [ Time : 00:37 | Date : 01.02.2015 ] 
>>System Error :: Message => 2 | ErrorNo => Illegal offset type | ErrorFile => 47 | ErrorLine  => C:\xampp\htdocs\Phpframework\vendor\src\ozsa-src\App\Router.php |  [ Time : 00:37 | Date : 01.02.2015 ] 
>>System Error :: Message => 2 | ErrorNo => Illegal offset type | ErrorFile => 47 | ErrorLine  => C:\xampp\htdocs\Phpframework\vendor\src\ozsa-src\App\Router.php |  [ Time : 00:37 | Date : 01.02.2015 ] 
>>System Error :: Message => 8 | ErrorNo => Undefined index: template | ErrorFile => 56 | ErrorLine  => C:\xampp\htdocs\Phpframework\vendor\src\ozsa-src\App\Router.php |  [ Time : 00:37 | Date : 01.02.2015 ] 
>>System Error :: Message => 2 | ErrorNo => Illegal offset type | ErrorFile => 47 | ErrorLine  => C:\xampp\htdocs\Phpframework\vendor\src\ozsa-src\App\Router.php |  [ Time : 00:38 | Date : 01.02.2015 ] 
>>System Error :: Message => 2 | ErrorNo => Illegal offset type | ErrorFile => 47 | ErrorLine  => C:\xampp\htdocs\Phpframework\vendor\src\ozsa-src\App\Router.php |  [ Time : 00:38 | Date : 01.02.2015 ] 
>>System Error :: Message => 8 | ErrorNo => Undefined index: template | ErrorFile => 56 | ErrorLine  => C:\xampp\htdocs\Phpframework\vendor\src\ozsa-src\App\Router.php |  [ Time : 00:38 | Date : 01.02.2015 ] 
>>System Error :: Message => 2 | ErrorNo => Illegal offset type | ErrorFile => 47 | ErrorLine  => C:\xampp\htdocs\Phpframework\vendor\src\ozsa-src\App\Router.php |  [ Time : 00:38 | Date : 01.02.2015 ] 
>>System Error :: Message => 2 | ErrorNo => Illegal offset type | ErrorFile => 47 | ErrorLine  => C:\xampp\htdocs\Phpframework\vendor\src\ozsa-src\App\Router.php |  [ Time : 00:38 | Date : 01.02.2015 ] 
>>System Error :: Message => 8 | ErrorNo => Undefined index: template | ErrorFile => 56 | ErrorLine  => C:\xampp\htdocs\Phpframework\vendor\src\ozsa-src\App\Router.php |  [ Time : 00:38 | Date : 01.02.2015 ] 
>>System Error :: Message => 2 | ErrorNo => Illegal offset type | ErrorFile => 47 | ErrorLine  => C:\xampp\htdocs\Phpframework\vendor\src\ozsa-src\App\Router.php |  [ Time : 00:38 | Date : 01.02.2015 ] 
>>System Error :: Message => 2 | ErrorNo => Illegal offset type | ErrorFile => 47 | ErrorLine  => C:\xampp\htdocs\Phpframework\vendor\src\ozsa-src\App\Router.php |  [ Time : 00:38 | Date : 01.02.2015 ] 
>>System Error :: Message => 8 | ErrorNo => Undefined index: template | ErrorFile => 56 | ErrorLine  => C:\xampp\htdocs\Phpframework\vendor\src\ozsa-src\App\Router.php |  [ Time : 00:38 | Date : 01.02.2015 ] 
>>System Error :: Message => 2 | ErrorNo => Illegal offset type | ErrorFile => 47 | ErrorLine  => C:\xampp\htdocs\Phpframework\vendor\src\ozsa-src\App\Router.php |  [ Time : 00:38 | Date : 01.02.2015 ] 
>>System Error :: Message => 2 | ErrorNo => Illegal offset type | ErrorFile => 47 | ErrorLine  => C:\xampp\htdocs\Phpframework\vendor\src\ozsa-src\App\Router.php |  [ Time : 00:38 | Date : 01.02.2015 ] 
>>System Error :: Message => 8 | ErrorNo => Undefined index: template | ErrorFile => 56 | ErrorLine  => C:\xampp\htdocs\Phpframework\vendor\src\ozsa-src\App\Router.php |  [ Time : 00:38 | Date : 01.02.2015 ] 
>>System Error :: Message => 2 | ErrorNo => Illegal offset type | ErrorFile => 47 | ErrorLine  => C:\xampp\htdocs\Phpframework\vendor\src\ozsa-src\App\Router.php |  [ Time : 00:38 | Date : 01.02.2015 ] 
>>System Error :: Message => 2 | ErrorNo => Illegal offset type | ErrorFile => 47 | ErrorLine  => C:\xampp\htdocs\Phpframework\vendor\src\ozsa-src\App\Router.php |  [ Time : 00:38 | Date : 01.02.2015 ] 
>>System Error :: Message => 8 | ErrorNo => Undefined index: template | ErrorFile => 56 | ErrorLine  => C:\xampp\htdocs\Phpframework\vendor\src\ozsa-src\App\Router.php |  [ Time : 00:38 | Date : 01.02.2015 ] 
>>System Error :: Message => 2 | ErrorNo => Illegal offset type | ErrorFile => 47 | ErrorLine  => C:\xampp\htdocs\Phpframework\vendor\src\ozsa-src\App\Router.php |  [ Time : 00:38 | Date : 01.02.2015 ] 
>>System Error :: Message => 2 | ErrorNo => Illegal offset type | ErrorFile => 47 | ErrorLine  => C:\xampp\htdocs\Phpframework\vendor\src\ozsa-src\App\Router.php |  [ Time : 00:38 | Date : 01.02.2015 ] 
>>System Error :: Message => 8 | ErrorNo => Undefined index: template | ErrorFile => 56 | ErrorLine  => C:\xampp\htdocs\Phpframework\vendor\src\ozsa-src\App\Router.php |  [ Time : 00:38 | Date : 01.02.2015 ] 
>>System Error :: Message => 2 | ErrorNo => Illegal offset type | ErrorFile => 47 | ErrorLine  => C:\xampp\htdocs\Phpframework\vendor\src\ozsa-src\App\Router.php |  [ Time : 00:38 | Date : 01.02.2015 ] 
>>System Error :: Message => 2 | ErrorNo => Illegal offset type | ErrorFile => 47 | ErrorLine  => C:\xampp\htdocs\Phpframework\vendor\src\ozsa-src\App\Router.php |  [ Time : 00:38 | Date : 01.02.2015 ] 
>>System Error :: Message => 8 | ErrorNo => Undefined index: template | ErrorFile => 56 | ErrorLine  => C:\xampp\htdocs\Phpframework\vendor\src\ozsa-src\App\Router.php |  [ Time : 00:38 | Date : 01.02.2015 ] 
>>System Error :: Message => 8 | ErrorNo => Array to string conversion | ErrorFile => 45 | ErrorLine  => C:\xampp\htdocs\Phpframework\vendor\src\ozsa-src\App\Router.php |  [ Time : 00:39 | Date : 01.02.2015 ] 
>>System Error :: Message => 2 | ErrorNo => Illegal offset type | ErrorFile => 48 | ErrorLine  => C:\xampp\htdocs\Phpframework\vendor\src\ozsa-src\App\Router.php |  [ Time : 00:39 | Date : 01.02.2015 ] 
>>System Error :: Message => 2 | ErrorNo => Illegal offset type | ErrorFile => 48 | ErrorLine  => C:\xampp\htdocs\Phpframework\vendor\src\ozsa-src\App\Router.php |  [ Time : 00:39 | Date : 01.02.2015 ] 
>>System Error :: Message => 8 | ErrorNo => Undefined index: template | ErrorFile => 57 | ErrorLine  => C:\xampp\htdocs\Phpframework\vendor\src\ozsa-src\App\Router.php |  [ Time : 00:39 | Date : 01.02.2015 ] 
>>System Error :: Message => 8 | ErrorNo => Array to string conversion | ErrorFile => 45 | ErrorLine  => C:\xampp\htdocs\Phpframework\vendor\src\ozsa-src\App\Router.php |  [ Time : 00:39 | Date : 01.02.2015 ] 
>>System Error :: Message => 2 | ErrorNo => Illegal offset type | ErrorFile => 48 | ErrorLine  => C:\xampp\htdocs\Phpframework\vendor\src\ozsa-src\App\Router.php |  [ Time : 00:39 | Date : 01.02.2015 ] 
>>System Error :: Message => 2 | ErrorNo => Illegal offset type | ErrorFile => 48 | ErrorLine  => C:\xampp\htdocs\Phpframework\vendor\src\ozsa-src\App\Router.php |  [ Time : 00:39 | Date : 01.02.2015 ] 
>>System Error :: Message => 8 | ErrorNo => Undefined index: template | ErrorFile => 57 | ErrorLine  => C:\xampp\htdocs\Phpframework\vendor\src\ozsa-src\App\Router.php |  [ Time : 00:39 | Date : 01.02.2015 ] 
>>System Error :: Message => 8 | ErrorNo => Array to string conversion | ErrorFile => 45 | ErrorLine  => C:\xampp\htdocs\Phpframework\vendor\src\ozsa-src\App\Router.php |  [ Time : 00:39 | Date : 01.02.2015 ] 
>>System Error :: Message => 2 | ErrorNo => Illegal offset type | ErrorFile => 48 | ErrorLine  => C:\xampp\htdocs\Phpframework\vendor\src\ozsa-src\App\Router.php |  [ Time : 00:39 | Date : 01.02.2015 ] 
>>System Error :: Message => 2 | ErrorNo => Illegal offset type | ErrorFile => 48 | ErrorLine  => C:\xampp\htdocs\Phpframework\vendor\src\ozsa-src\App\Router.php |  [ Time : 00:39 | Date : 01.02.2015 ] 
>>System Error :: Message => 8 | ErrorNo => Undefined index: template | ErrorFile => 57 | ErrorLine  => C:\xampp\htdocs\Phpframework\vendor\src\ozsa-src\App\Router.php |  [ Time : 00:39 | Date : 01.02.2015 ] 
>>System Error :: Message => 8 | ErrorNo => Array to string conversion | ErrorFile => 48 | ErrorLine  => C:\xampp\htdocs\Phpframework\vendor\src\ozsa-src\App\Router.php |  [ Time : 00:39 | Date : 01.02.2015 ] 
>>System Error :: Message => 2 | ErrorNo => Illegal offset type | ErrorFile => 49 | ErrorLine  => C:\xampp\htdocs\Phpframework\vendor\src\ozsa-src\App\Router.php |  [ Time : 00:39 | Date : 01.02.2015 ] 
>>System Error :: Message => 8 | ErrorNo => Array to string conversion | ErrorFile => 48 | ErrorLine  => C:\xampp\htdocs\Phpframework\vendor\src\ozsa-src\App\Router.php |  [ Time : 00:39 | Date : 01.02.2015 ] 
>>System Error :: Message => 2 | ErrorNo => Illegal offset type | ErrorFile => 49 | ErrorLine  => C:\xampp\htdocs\Phpframework\vendor\src\ozsa-src\App\Router.php |  [ Time : 00:39 | Date : 01.02.2015 ] 
>>System Error :: Message => 8 | ErrorNo => Undefined index: template | ErrorFile => 58 | ErrorLine  => C:\xampp\htdocs\Phpframework\vendor\src\ozsa-src\App\Router.php |  [ Time : 00:39 | Date : 01.02.2015 ] 
>>System Error :: Message => 8 | ErrorNo => Array to string conversion | ErrorFile => 48 | ErrorLine  => C:\xampp\htdocs\Phpframework\vendor\src\ozsa-src\App\Router.php |  [ Time : 00:39 | Date : 01.02.2015 ] 
>>System Error :: Message => 2 | ErrorNo => Illegal offset type | ErrorFile => 49 | ErrorLine  => C:\xampp\htdocs\Phpframework\vendor\src\ozsa-src\App\Router.php |  [ Time : 00:39 | Date : 01.02.2015 ] 
>>System Error :: Message => 8 | ErrorNo => Array to string conversion | ErrorFile => 48 | ErrorLine  => C:\xampp\htdocs\Phpframework\vendor\src\ozsa-src\App\Router.php |  [ Time : 00:39 | Date : 01.02.2015 ] 
>>System Error :: Message => 2 | ErrorNo => Illegal offset type | ErrorFile => 49 | ErrorLine  => C:\xampp\htdocs\Phpframework\vendor\src\ozsa-src\App\Router.php |  [ Time : 00:39 | Date : 01.02.2015 ] 
>>System Error :: Message => 8 | ErrorNo => Undefined index: template | ErrorFile => 58 | ErrorLine  => C:\xampp\htdocs\Phpframework\vendor\src\ozsa-src\App\Router.php |  [ Time : 00:39 | Date : 01.02.2015 ] 
>>System Error :: Message => 8 | ErrorNo => Array to string conversion | ErrorFile => 48 | ErrorLine  => C:\xampp\htdocs\Phpframework\vendor\src\ozsa-src\App\Router.php |  [ Time : 00:39 | Date : 01.02.2015 ] 
>>System Error :: Message => 2 | ErrorNo => Illegal offset type | ErrorFile => 49 | ErrorLine  => C:\xampp\htdocs\Phpframework\vendor\src\ozsa-src\App\Router.php |  [ Time : 00:39 | Date : 01.02.2015 ] 
>>System Error :: Message => 8 | ErrorNo => Array to string conversion | ErrorFile => 48 | ErrorLine  => C:\xampp\htdocs\Phpframework\vendor\src\ozsa-src\App\Router.php |  [ Time : 00:39 | Date : 01.02.2015 ] 
>>System Error :: Message => 2 | ErrorNo => Illegal offset type | ErrorFile => 49 | ErrorLine  => C:\xampp\htdocs\Phpframework\vendor\src\ozsa-src\App\Router.php |  [ Time : 00:39 | Date : 01.02.2015 ] 
>>System Error :: Message => 8 | ErrorNo => Undefined index: template | ErrorFile => 58 | ErrorLine  => C:\xampp\htdocs\Phpframework\vendor\src\ozsa-src\App\Router.php |  [ Time : 00:39 | Date : 01.02.2015 ] 
>>System Error :: Message => 2 | ErrorNo => Illegal offset type | ErrorFile => 49 | ErrorLine  => C:\xampp\htdocs\Phpframework\vendor\src\ozsa-src\App\Router.php |  [ Time : 00:39 | Date : 01.02.2015 ] 
>>System Error :: Message => 2 | ErrorNo => Illegal offset type | ErrorFile => 49 | ErrorLine  => C:\xampp\htdocs\Phpframework\vendor\src\ozsa-src\App\Router.php |  [ Time : 00:39 | Date : 01.02.2015 ] 
>>System Error :: Message => 8 | ErrorNo => Undefined index: template | ErrorFile => 58 | ErrorLine  => C:\xampp\htdocs\Phpframework\vendor\src\ozsa-src\App\Router.php |  [ Time : 00:39 | Date : 01.02.2015 ] 
>>System Error :: Message => 2 | ErrorNo => Illegal offset type | ErrorFile => 49 | ErrorLine  => C:\xampp\htdocs\Phpframework\vendor\src\ozsa-src\App\Router.php |  [ Time : 00:39 | Date : 01.02.2015 ] 
>>System Error :: Message => 2 | ErrorNo => Illegal offset type | ErrorFile => 49 | ErrorLine  => C:\xampp\htdocs\Phpframework\vendor\src\ozsa-src\App\Router.php |  [ Time : 00:39 | Date : 01.02.2015 ] 
>>System Error :: Message => 8 | ErrorNo => Undefined index: template | ErrorFile => 58 | ErrorLine  => C:\xampp\htdocs\Phpframework\vendor\src\ozsa-src\App\Router.php |  [ Time : 00:39 | Date : 01.02.2015 ] 
>>System Error :: Message => 2 | ErrorNo => Illegal offset type | ErrorFile => 50 | ErrorLine  => C:\xampp\htdocs\Phpframework\vendor\src\ozsa-src\App\Router.php |  [ Time : 00:39 | Date : 01.02.2015 ] 
>>System Error :: Message => 2 | ErrorNo => Illegal offset type | ErrorFile => 50 | ErrorLine  => C:\xampp\htdocs\Phpframework\vendor\src\ozsa-src\App\Router.php |  [ Time : 00:39 | Date : 01.02.2015 ] 
>>System Error :: Message => 8 | ErrorNo => Undefined index: template | ErrorFile => 59 | ErrorLine  => C:\xampp\htdocs\Phpframework\vendor\src\ozsa-src\App\Router.php |  [ Time : 00:39 | Date : 01.02.2015 ] 
>>System Error :: Message => 8 | ErrorNo => Use of undefined constant _PUBLIC - assumed '_PUBLIC' | ErrorFile => 89 | ErrorLine  => C:\xampp\htdocs\Phpframework\vendor\src\ozsa-src\App\Router.php |  [ Time : 00:40 | Date : 01.02.2015 ] 
>>System Error :: Message => 8 | ErrorNo => Use of undefined constant _PUBLIC - assumed '_PUBLIC' | ErrorFile => 89 | ErrorLine  => C:\xampp\htdocs\Phpframework\vendor\src\ozsa-src\App\Router.php |  [ Time : 00:40 | Date : 01.02.2015 ] 
>>System Error :: Message => 8 | ErrorNo => Undefined index: template | ErrorFile => 59 | ErrorLine  => C:\xampp\htdocs\Phpframework\vendor\src\ozsa-src\App\Router.php |  [ Time : 00:40 | Date : 01.02.2015 ] 
>>System Error :: Message => 8 | ErrorNo => Undefined index: template | ErrorFile => 59 | ErrorLine  => C:\xampp\htdocs\Phpframework\vendor\src\ozsa-src\App\Router.php |  [ Time : 00:40 | Date : 01.02.2015 ] 
>>System Error :: Message => 8 | ErrorNo => Undefined index: template | ErrorFile => 59 | ErrorLine  => C:\xampp\htdocs\Phpframework\vendor\src\ozsa-src\App\Router.php |  [ Time : 00:41 | Date : 01.02.2015 ] 
>>System Error :: Message => 8 | ErrorNo => Undefined index: template | ErrorFile => 59 | ErrorLine  => C:\xampp\htdocs\Phpframework\vendor\src\ozsa-src\App\Router.php |  [ Time : 00:41 | Date : 01.02.2015 ] 
>>System Error :: Message => 8 | ErrorNo => Undefined variable: template | ErrorFile => 63 | ErrorLine  => C:\xampp\htdocs\Phpframework\vendor\src\ozsa-src\App\Router.php |  [ Time : 00:42 | Date : 01.02.2015 ] 
>>System Error :: Message => 8 | ErrorNo => Undefined variable: template | ErrorFile => 68 | ErrorLine  => C:\xampp\htdocs\Phpframework\vendor\src\ozsa-src\App\Router.php |  [ Time : 00:42 | Date : 01.02.2015 ] 
>>System Error :: Message => 2 | ErrorNo => include(Public/Files/view.php): failed to open stream: No such file or directory | ErrorFile => 1 | ErrorLine  => C:\xampp\htdocs\Phpframework\app\Views\index.php |  [ Time : 00:51 | Date : 01.02.2015 ] 
>>System Error :: Message => 2 | ErrorNo => include(): Failed opening 'Public/Files/view.php' for inclusion (include_path='.;C:\xampp\php\PEAR') | ErrorFile => 1 | ErrorLine  => C:\xampp\htdocs\Phpframework\app\Views\index.php |  [ Time : 00:51 | Date : 01.02.2015 ] 
>>System Error :: Message => 2 | ErrorNo => include(Public/Files/index.php): failed to open stream: No such file or directory | ErrorFile => 1 | ErrorLine  => C:\xampp\htdocs\Phpframework\app\Views\index.php |  [ Time : 00:51 | Date : 01.02.2015 ] 
>>System Error :: Message => 2 | ErrorNo => include(): Failed opening 'Public/Files/index.php' for inclusion (include_path='.;C:\xampp\php\PEAR') | ErrorFile => 1 | ErrorLine  => C:\xampp\htdocs\Phpframework\app\Views\index.php |  [ Time : 00:51 | Date : 01.02.2015 ] 
>>System Error :: Message => 2048 | ErrorNo => Non-static method Router::render() should not be called statically, assuming $this from incompatible context | ErrorFile => 7 | ErrorLine  => C:\xampp\htdocs\Phpframework\app\Controller\index.php |  [ Time : 00:57 | Date : 01.02.2015 ] 
>>System Error :: Message => 8 | ErrorNo => Use of undefined constant VIEW_PATH - assumed 'VIEW_PATH' | ErrorFile => 7 | ErrorLine  => C:\xampp\htdocs\Phpframework\app\Controller\index.php |  [ Time : 00:57 | Date : 01.02.2015 ] 
>>System Error :: Message => 8 | ErrorNo => Undefined variable: files | ErrorFile => 29 | ErrorLine  => C:\xampp\htdocs\Phpframework\vendor\src\ozsa-src\App\Router.php |  [ Time : 00:57 | Date : 01.02.2015 ] 
>>System Error :: Message => 2 | ErrorNo => include(VIEW_PATHindex.php): failed to open stream: No such file or directory | ErrorFile => 33 | ErrorLine  => C:\xampp\htdocs\Phpframework\vendor\src\ozsa-src\App\Router.php |  [ Time : 00:57 | Date : 01.02.2015 ] 
>>System Error :: Message => 2 | ErrorNo => include(): Failed opening 'VIEW_PATHindex.php' for inclusion (include_path='.;C:\xampp\php\PEAR') | ErrorFile => 33 | ErrorLine  => C:\xampp\htdocs\Phpframework\vendor\src\ozsa-src\App\Router.php |  [ Time : 00:57 | Date : 01.02.2015 ] 
>>System Error :: Message => 2048 | ErrorNo => Non-static method Router::render() should not be called statically, assuming $this from incompatible context | ErrorFile => 7 | ErrorLine  => C:\xampp\htdocs\Phpframework\app\Controller\index.php |  [ Time : 00:58 | Date : 01.02.2015 ] 
>>System Error :: Message => 8 | ErrorNo => Use of undefined constant VIEW_PATH - assumed 'VIEW_PATH' | ErrorFile => 7 | ErrorLine  => C:\xampp\htdocs\Phpframework\app\Controller\index.php |  [ Time : 00:58 | Date : 01.02.2015 ] 
>>System Error :: Message => 8 | ErrorNo => Undefined variable: files | ErrorFile => 29 | ErrorLine  => C:\xampp\htdocs\Phpframework\vendor\src\ozsa-src\App\Router.php |  [ Time : 00:58 | Date : 01.02.2015 ] 
>>System Error :: Message => 2 | ErrorNo => include(VIEW_PATHindex.php): failed to open stream: No such file or directory | ErrorFile => 33 | ErrorLine  => C:\xampp\htdocs\Phpframework\vendor\src\ozsa-src\App\Router.php |  [ Time : 00:58 | Date : 01.02.2015 ] 
>>System Error :: Message => 2 | ErrorNo => include(): Failed opening 'VIEW_PATHindex.php' for inclusion (include_path='.;C:\xampp\php\PEAR') | ErrorFile => 33 | ErrorLine  => C:\xampp\htdocs\Phpframework\vendor\src\ozsa-src\App\Router.php |  [ Time : 00:58 | Date : 01.02.2015 ] 
>>System Error :: Message => 2048 | ErrorNo => Non-static method Router::render() should not be called statically, assuming $this from incompatible context | ErrorFile => 7 | ErrorLine  => C:\xampp\htdocs\Phpframework\app\Controller\index.php |  [ Time : 00:58 | Date : 01.02.2015 ] 
>>System Error :: Message => 8 | ErrorNo => Use of undefined constant VIEW_PATH - assumed 'VIEW_PATH' | ErrorFile => 7 | ErrorLine  => C:\xampp\htdocs\Phpframework\app\Controller\index.php |  [ Time : 00:58 | Date : 01.02.2015 ] 
>>System Error :: Message => 8 | ErrorNo => Undefined variable: files | ErrorFile => 29 | ErrorLine  => C:\xampp\htdocs\Phpframework\vendor\src\ozsa-src\App\Router.php |  [ Time : 00:58 | Date : 01.02.2015 ] 
>>System Error :: Message => 2 | ErrorNo => include(VIEW_PATHindex.php): failed to open stream: No such file or directory | ErrorFile => 33 | ErrorLine  => C:\xampp\htdocs\Phpframework\vendor\src\ozsa-src\App\Router.php |  [ Time : 00:58 | Date : 01.02.2015 ] 
>>System Error :: Message => 2 | ErrorNo => include(): Failed opening 'VIEW_PATHindex.php' for inclusion (include_path='.;C:\xampp\php\PEAR') | ErrorFile => 33 | ErrorLine  => C:\xampp\htdocs\Phpframework\vendor\src\ozsa-src\App\Router.php |  [ Time : 00:58 | Date : 01.02.2015 ] 
>>System Error :: Message => 2048 | ErrorNo => Non-static method Router::render() should not be called statically, assuming $this from incompatible context | ErrorFile => 7 | ErrorLine  => C:\xampp\htdocs\Phpframework\app\Controller\index.php |  [ Time : 00:58 | Date : 01.02.2015 ] 
>>System Error :: Message => 8 | ErrorNo => Use of undefined constant VIEW_PATH - assumed 'VIEW_PATH' | ErrorFile => 7 | ErrorLine  => C:\xampp\htdocs\Phpframework\app\Controller\index.php |  [ Time : 00:58 | Date : 01.02.2015 ] 
>>System Error :: Message => 8 | ErrorNo => Undefined variable: files | ErrorFile => 29 | ErrorLine  => C:\xampp\htdocs\Phpframework\vendor\src\ozsa-src\App\Router.php |  [ Time : 00:58 | Date : 01.02.2015 ] 
>>System Error :: Message => 2 | ErrorNo => include(VIEW_PATHindex.php): failed to open stream: No such file or directory | ErrorFile => 33 | ErrorLine  => C:\xampp\htdocs\Phpframework\vendor\src\ozsa-src\App\Router.php |  [ Time : 00:58 | Date : 01.02.2015 ] 
>>System Error :: Message => 2 | ErrorNo => include(): Failed opening 'VIEW_PATHindex.php' for inclusion (include_path='.;C:\xampp\php\PEAR') | ErrorFile => 33 | ErrorLine  => C:\xampp\htdocs\Phpframework\vendor\src\ozsa-src\App\Router.php |  [ Time : 00:58 | Date : 01.02.2015 ] 
>>System Error :: Message => 2048 | ErrorNo => Non-static method Router::render() should not be called statically, assuming $this from incompatible context | ErrorFile => 7 | ErrorLine  => C:\xampp\htdocs\Phpframework\app\Controller\index.php |  [ Time : 00:58 | Date : 01.02.2015 ] 
>>System Error :: Message => 8 | ErrorNo => Use of undefined constant VIEW_PATH - assumed 'VIEW_PATH' | ErrorFile => 7 | ErrorLine  => C:\xampp\htdocs\Phpframework\app\Controller\index.php |  [ Time : 00:58 | Date : 01.02.2015 ] 
>>System Error :: Message => 8 | ErrorNo => Undefined variable: files | ErrorFile => 29 | ErrorLine  => C:\xampp\htdocs\Phpframework\vendor\src\ozsa-src\App\Router.php |  [ Time : 00:58 | Date : 01.02.2015 ] 
>>System Error :: Message => 2 | ErrorNo => include(VIEW_PATHindex.php): failed to open stream: No such file or directory | ErrorFile => 33 | ErrorLine  => C:\xampp\htdocs\Phpframework\vendor\src\ozsa-src\App\Router.php |  [ Time : 00:58 | Date : 01.02.2015 ] 
>>System Error :: Message => 2 | ErrorNo => include(): Failed opening 'VIEW_PATHindex.php' for inclusion (include_path='.;C:\xampp\php\PEAR') | ErrorFile => 33 | ErrorLine  => C:\xampp\htdocs\Phpframework\vendor\src\ozsa-src\App\Router.php |  [ Time : 00:58 | Date : 01.02.2015 ] 
>>System Error :: Message => 2048 | ErrorNo => Non-static method Router::render() should not be called statically, assuming $this from incompatible context | ErrorFile => 7 | ErrorLine  => C:\xampp\htdocs\Phpframework\app\Controller\index.php |  [ Time : 00:58 | Date : 01.02.2015 ] 
>>System Error :: Message => 8 | ErrorNo => Use of undefined constant VIEW_PATH - assumed 'VIEW_PATH' | ErrorFile => 7 | ErrorLine  => C:\xampp\htdocs\Phpframework\app\Controller\index.php |  [ Time : 00:58 | Date : 01.02.2015 ] 
>>System Error :: Message => 8 | ErrorNo => Undefined variable: files | ErrorFile => 29 | ErrorLine  => C:\xampp\htdocs\Phpframework\vendor\src\ozsa-src\App\Router.php |  [ Time : 00:58 | Date : 01.02.2015 ] 
>>System Error :: Message => 2 | ErrorNo => include(VIEW_PATHindex.php): failed to open stream: No such file or directory | ErrorFile => 33 | ErrorLine  => C:\xampp\htdocs\Phpframework\vendor\src\ozsa-src\App\Router.php |  [ Time : 00:58 | Date : 01.02.2015 ] 
>>System Error :: Message => 2 | ErrorNo => include(): Failed opening 'VIEW_PATHindex.php' for inclusion (include_path='.;C:\xampp\php\PEAR') | ErrorFile => 33 | ErrorLine  => C:\xampp\htdocs\Phpframework\vendor\src\ozsa-src\App\Router.php |  [ Time : 00:58 | Date : 01.02.2015 ] 
>>System Error :: Message => 2048 | ErrorNo => Non-static method Router::render() should not be called statically, assuming $this from incompatible context | ErrorFile => 7 | ErrorLine  => C:\xampp\htdocs\Phpframework\app\Controller\index.php |  [ Time : 00:58 | Date : 01.02.2015 ] 
>>System Error :: Message => 8 | ErrorNo => Use of undefined constant VIEW_PATH - assumed 'VIEW_PATH' | ErrorFile => 7 | ErrorLine  => C:\xampp\htdocs\Phpframework\app\Controller\index.php |  [ Time : 00:58 | Date : 01.02.2015 ] 
>>System Error :: Message => 8 | ErrorNo => Undefined variable: files | ErrorFile => 29 | ErrorLine  => C:\xampp\htdocs\Phpframework\vendor\src\ozsa-src\App\Router.php |  [ Time : 00:58 | Date : 01.02.2015 ] 
>>System Error :: Message => 2 | ErrorNo => include(VIEW_PATHindex.php): failed to open stream: No such file or directory | ErrorFile => 33 | ErrorLine  => C:\xampp\htdocs\Phpframework\vendor\src\ozsa-src\App\Router.php |  [ Time : 00:58 | Date : 01.02.2015 ] 
>>System Error :: Message => 2 | ErrorNo => include(): Failed opening 'VIEW_PATHindex.php' for inclusion (include_path='.;C:\xampp\php\PEAR') | ErrorFile => 33 | ErrorLine  => C:\xampp\htdocs\Phpframework\vendor\src\ozsa-src\App\Router.php |  [ Time : 00:58 | Date : 01.02.2015 ] 
>>System Error :: Message => 8 | ErrorNo => Undefined variable: render | ErrorFile => 7 | ErrorLine  => C:\xampp\htdocs\Phpframework\app\Controller\index.php |  [ Time : 00:59 | Date : 01.02.2015 ] 
>>System Error :: Message => 8 | ErrorNo => Undefined variable: files | ErrorFile => 29 | ErrorLine  => C:\xampp\htdocs\Phpframework\vendor\src\ozsa-src\App\Router.php |  [ Time : 01:02 | Date : 01.02.2015 ] 
>>System Error :: Message => 8 | ErrorNo => Undefined variable: css | ErrorFile => 6 | ErrorLine  => C:\xampp\htdocs\Phpframework\Public\files\index.php |  [ Time : 01:03 | Date : 01.02.2015 ] 
>>System Error :: Message => 8 | ErrorNo => Undefined variable: css | ErrorFile => 6 | ErrorLine  => C:\xampp\htdocs\Phpframework\Public\files\index.php |  [ Time : 01:03 | Date : 01.02.2015 ] 
>>System Error :: Message => 8 | ErrorNo => Undefined variable: css | ErrorFile => 6 | ErrorLine  => C:\xampp\htdocs\Phpframework\Public\files\index.php |  [ Time : 01:03 | Date : 01.02.2015 ] 
>>System Error :: Message => 2 | ErrorNo => Missing argument 3 for Router::templateLoader(), called in C:\xampp\htdocs\Phpframework\vendor\src\ozsa-src\App\Router.php on line 34 and defined | ErrorFile => 69 | ErrorLine  => C:\xampp\htdocs\Phpframework\vendor\src\ozsa-src\App\Router.php |  [ Time : 18:46 | Date : 01.02.2015 ] 
>>System Error :: Message => 8 | ErrorNo => Undefined variable: arrays | ErrorFile => 71 | ErrorLine  => C:\xampp\htdocs\Phpframework\vendor\src\ozsa-src\App\Router.php |  [ Time : 18:46 | Date : 01.02.2015 ] 
>>System Error :: Message => 4096 | ErrorNo => Argument 2 passed to Ozsa\Template\Engine::templateInstaller() must be of the type array, null given, called in C:\xampp\htdocs\Phpframework\vendor\src\ozsa-src\App\Router.php on line 71 and defined | ErrorFile => 37 | ErrorLine  => C:\xampp\htdocs\Phpframework\vendor\src\ozsa-src\Template\TemplateInstaller.php |  [ Time : 18:46 | Date : 01.02.2015 ] 
